  [1m[35m (0.1ms)[0m  [1m[35mDROP TABLE IF EXISTS "emails"[0m
  [1m[35m (3.9ms)[0m  [1m[34mSELECT sqlite_version(*)[0m
  [1m[35m (26.6ms)[0m  [1m[35mCREATE TABLE "emails" ("id" INTEGER PRIMARY KEY AUTOINCREMENT NOT NULL, "object" varchar, "body" text, "created_at" datetime NOT NULL, "updated_at" datetime NOT NULL)[0m
  [1m[35m (23.2ms)[0m  [1m[35mCREATE TABLE "schema_migrations" ("version" varchar NOT NULL PRIMARY KEY)[0m
  [1m[35m (0.2ms)[0m  [1m[34mSELECT "schema_migrations"."version" FROM "schema_migrations" ORDER BY "schema_migrations"."version" ASC[0m
  [1m[35m (19.9ms)[0m  [1m[32mINSERT INTO "schema_migrations" (version) VALUES (20170831103332)[0m
  [1m[35m (22.5ms)[0m  [1m[35mCREATE TABLE "ar_internal_metadata" ("key" varchar NOT NULL PRIMARY KEY, "value" varchar, "created_at" datetime NOT NULL, "updated_at" datetime NOT NULL)[0m
  [1m[36mActiveRecord::InternalMetadata Load (0.4ms)[0m  [1m[34mSELECT  "ar_internal_metadata".* FROM "ar_internal_metadata" WHERE "ar_internal_metadata"."key" = ? LIMIT ?[0m  [["key", "environment"], ["LIMIT", 1]]
  [1m[35m (0.1ms)[0m  [1m[36mbegin transaction[0m
  [1m[35mSQL (0.4ms)[0m  [1m[32mINSERT INTO "ar_internal_metadata" ("key", "value", "created_at", "updated_at") VALUES (?, ?, ?, ?)[0m  [["key", "environment"], ["value", "development"], ["created_at", "2017-08-31 15:39:24.858233"], ["updated_at", "2017-08-31 15:39:24.858233"]]
  [1m[35m (16.0ms)[0m  [1m[36mcommit transaction[0m
  [1m[36mActiveRecord::InternalMetadata Load (0.1ms)[0m  [1m[34mSELECT  "ar_internal_metadata".* FROM "ar_internal_metadata" WHERE "ar_internal_metadata"."key" = ? LIMIT ?[0m  [["key", "environment"], ["LIMIT", 1]]
  [1m[35m (0.1ms)[0m  [1m[36mbegin transaction[0m
  [1m[35m (0.1ms)[0m  [1m[36mcommit transaction[0m
  [1m[35m (0.1ms)[0m  [1m[35mDROP TABLE IF EXISTS "emails"[0m
  [1m[35m (0.1ms)[0m  [1m[34mSELECT sqlite_version(*)[0m
  [1m[35m (23.4ms)[0m  [1m[35mCREATE TABLE "emails" ("id" INTEGER PRIMARY KEY AUTOINCREMENT NOT NULL, "object" varchar, "body" text, "created_at" datetime NOT NULL, "updated_at" datetime NOT NULL)[0m
  [1m[35m (19.4ms)[0m  [1m[35mCREATE TABLE "schema_migrations" ("version" varchar NOT NULL PRIMARY KEY)[0m
  [1m[35m (0.2ms)[0m  [1m[34mSELECT "schema_migrations"."version" FROM "schema_migrations" ORDER BY "schema_migrations"."version" ASC[0m
  [1m[35m (19.9ms)[0m  [1m[32mINSERT INTO "schema_migrations" (version) VALUES (20170831103332)[0m
  [1m[35m (25.4ms)[0m  [1m[35mCREATE TABLE "ar_internal_metadata" ("key" varchar NOT NULL PRIMARY KEY, "value" varchar, "created_at" datetime NOT NULL, "updated_at" datetime NOT NULL)[0m
  [1m[36mActiveRecord::InternalMetadata Load (0.3ms)[0m  [1m[34mSELECT  "ar_internal_metadata".* FROM "ar_internal_metadata" WHERE "ar_internal_metadata"."key" = ? LIMIT ?[0m  [["key", "environment"], ["LIMIT", 1]]
  [1m[35m (0.1ms)[0m  [1m[36mbegin transaction[0m
  [1m[35mSQL (0.2ms)[0m  [1m[32mINSERT INTO "ar_internal_metadata" ("key", "value", "created_at", "updated_at") VALUES (?, ?, ?, ?)[0m  [["key", "environment"], ["value", "development"], ["created_at", "2017-08-31 15:39:25.080236"], ["updated_at", "2017-08-31 15:39:25.080236"]]
  [1m[35m (17.1ms)[0m  [1m[36mcommit transaction[0m
  [1m[36mActiveRecord::InternalMetadata Load (0.1ms)[0m  [1m[34mSELECT  "ar_internal_metadata".* FROM "ar_internal_metadata" WHERE "ar_internal_metadata"."key" = ? LIMIT ?[0m  [["key", "environment"], ["LIMIT", 1]]
  [1m[35m (0.1ms)[0m  [1m[36mbegin transaction[0m
  [1m[35m (0.1ms)[0m  [1m[36mcommit transaction[0m
  [1m[35m (0.1ms)[0m  [1m[34mSELECT "schema_migrations"."version" FROM "schema_migrations" ORDER BY "schema_migrations"."version" ASC[0m
  [1m[35m (0.2ms)[0m  [1m[36mbegin transaction[0m
  [1m[35mSQL (0.9ms)[0m  [1m[32mINSERT INTO "emails" ("object", "body", "created_at", "updated_at") VALUES (?, ?, ?, ?)[0m  [["object", "Sequi rem."], ["body", "Sed et sunt libero ad. Natus eum non magnam. Ullam in non sunt asperiores distinctio est harum. Et vel cupiditate. Impedit aperiam deleniti est eum eaque rem. Recusandae et expedita non consequatur id. Beatae sit iure nihil nisi aut. Consectetur ducimus accusantium voluptates. Ea voluptate saepe odit quam qui. Et aliquam corrupti. Necessitatibus voluptatem adipisci aspernatur iste incidunt voluptate vel."], ["created_at", "2017-08-31 15:39:26.317892"], ["updated_at", "2017-08-31 15:39:26.317892"]]
  [1m[35m (15.6ms)[0m  [1m[36mcommit transaction[0m
  [1m[35m (0.1ms)[0m  [1m[36mbegin transaction[0m
  [1m[35mSQL (0.4ms)[0m  [1m[32mINSERT INTO "emails" ("object", "body", "created_at", "updated_at") VALUES (?, ?, ?, ?)[0m  [["object", "Non omnis."], ["body", "Minus similique incidunt aliquam quasi. Magni error reiciendis. Ut voluptatem natus unde qui asperiores quis. Quibusdam illo sit rerum omnis. Iste non quos. Debitis consequatur atque voluptas quidem temporibus qui. Mollitia facere neque vero sapiente velit. Excepturi corporis quaerat commodi. Voluptas et nesciunt quod aut ipsa perspiciatis. Non dolorem quam atque dolores facere tempore. Omnis temporibus natus doloremque vel sit quam accusamus."], ["created_at", "2017-08-31 15:39:26.340300"], ["updated_at", "2017-08-31 15:39:26.340300"]]
  [1m[35m (13.5ms)[0m  [1m[36mcommit transaction[0m
  [1m[35m (0.3ms)[0m  [1m[36mbegin transaction[0m
  [1m[35mSQL (2.3ms)[0m  [1m[32mINSERT INTO "emails" ("object", "body", "created_at", "updated_at") VALUES (?, ?, ?, ?)[0m  [["object", "Eius iste."], ["body", "Delectus veritatis illo. Cum quis eius. Est est et. Culpa atque est architecto non. Eos mollitia repellendus fugiat molestiae. Assumenda earum nam id dolores impedit. Iste ullam explicabo in cupiditate expedita. Atque eos consequuntur. Laboriosam hic vel dolores repellendus in qui assumenda. Voluptatem numquam praesentium natus et mollitia animi sit. Ut molestiae eligendi sit est. Repudiandae ipsum vero quia."], ["created_at", "2017-08-31 15:39:26.369205"], ["updated_at", "2017-08-31 15:39:26.369205"]]
  [1m[35m (31.0ms)[0m  [1m[36mcommit transaction[0m
  [1m[35m (0.1ms)[0m  [1m[36mbegin transaction[0m
  [1m[35mSQL (0.3ms)[0m  [1m[32mINSERT INTO "emails" ("object", "body", "created_at", "updated_at") VALUES (?, ?, ?, ?)[0m  [["object", "Est aut ratione."], ["body", "Dolor magni impedit nesciunt aut pariatur exercitationem. Laborum unde rerum sit qui et. Quae itaque ab deserunt minima. Cum sed fugiat ut facilis recusandae et. Eaque adipisci consequatur eum repellendus labore. Voluptas eum pariatur saepe consequatur libero aut. Quos officia suscipit aut. Quam exercitationem vitae adipisci velit dolores. Nesciunt autem eius tempora expedita distinctio consequatur. Ratione rerum rem. In sunt cum magnam esse est dolores."], ["created_at", "2017-08-31 15:39:26.410520"], ["updated_at", "2017-08-31 15:39:26.410520"]]
  [1m[35m (23.5ms)[0m  [1m[36mcommit transaction[0m
  [1m[35m (0.1ms)[0m  [1m[36mbegin transaction[0m
  [1m[35mSQL (2.4ms)[0m  [1m[32mINSERT INTO "emails" ("object", "body", "created_at", "updated_at") VALUES (?, ?, ?, ?)[0m  [["object", "Alias id."], ["body", "Commodi cum eum sit. Eos et eum quo. Quia consequatur ipsum provident esse. Debitis nostrum sapiente tempora et omnis cumque. Doloremque qui ipsam sit odio velit. Voluptatum nisi impedit possimus illo maxime. Fuga totam inventore cupiditate magnam odio laboriosam non. Fugit distinctio ut. Quam dolores ut culpa. Deleniti amet ratione eligendi laudantium qui quis. Aut voluptatibus sed. Ex ad et nisi consequatur optio quia a."], ["created_at", "2017-08-31 15:39:26.441710"], ["updated_at", "2017-08-31 15:39:26.441710"]]
  [1m[35m (27.1ms)[0m  [1m[36mcommit transaction[0m
  [1m[35m (0.2ms)[0m  [1m[36mbegin transaction[0m
  [1m[35mSQL (2.4ms)[0m  [1m[32mINSERT INTO "emails" ("object", "body", "created_at", "updated_at") VALUES (?, ?, ?, ?)[0m  [["object", "Qui eius minus enim ducimus."], ["body", "Enim dolore quisquam accusamus. Ea magni veniam deleniti consectetur. Ut cumque esse in quo. Quis expedita quam ea et quia consectetur qui. Ipsa consequatur non sint enim. Enim expedita quia quo quia non. Deserunt placeat labore nulla vitae illo iusto voluptatibus. Repellendus id soluta dicta. Earum ipsum adipisci ducimus et. Sed soluta atque est aliquam est. Ullam aut minus ea dicta dignissimos blanditiis."], ["created_at", "2017-08-31 15:39:26.475528"], ["updated_at", "2017-08-31 15:39:26.475528"]]
  [1m[35m (18.0ms)[0m  [1m[36mcommit transaction[0m
  [1m[35m (0.1ms)[0m  [1m[36mbegin transaction[0m
  [1m[35mSQL (6.0ms)[0m  [1m[32mINSERT INTO "emails" ("object", "body", "created_at", "updated_at") VALUES (?, ?, ?, ?)[0m  [["object", "Aliquam expedita praesentium quae."], ["body", "Quod expedita aut libero laborum illo eum. Illum blanditiis sit molestias. Adipisci delectus debitis esse sint fuga. Soluta et voluptas voluptatum et tempore. Autem quae nihil. Ipsa beatae eveniet. Aperiam ipsum deserunt reprehenderit. Voluptatem iste blanditiis reiciendis est. Est numquam eveniet debitis. Et dolorum aspernatur consectetur facilis non vitae. Fuga eaque commodi hic sint aliquam culpa. Id consequuntur nobis vel minus explicabo ex sit."], ["created_at", "2017-08-31 15:39:26.502370"], ["updated_at", "2017-08-31 15:39:26.502370"]]
  [1m[35m (22.4ms)[0m  [1m[36mcommit transaction[0m
  [1m[35m (0.1ms)[0m  [1m[36mbegin transaction[0m
  [1m[35mSQL (2.1ms)[0m  [1m[32mINSERT INTO "emails" ("object", "body", "created_at", "updated_at") VALUES (?, ?, ?, ?)[0m  [["object", "Aut quasi impedit."], ["body", "Labore facilis accusamus sunt dolores dolor cum. Molestiae libero ut ducimus quidem explicabo praesentium commodi. At minus blanditiis voluptas sapiente libero. Tempora omnis alias necessitatibus numquam. Dolores qui temporibus error ea ipsa a. Velit nihil omnis optio tenetur maxime. Animi sit inventore vero perferendis ut. Sint perspiciatis ut officiis doloribus. Vel unde quia facere. Dignissimos temporibus qui quas ipsam expedita deserunt et. Est nobis error eos qui et inventore. Voluptatem quo aperiam sint animi."], ["created_at", "2017-08-31 15:39:26.533919"], ["updated_at", "2017-08-31 15:39:26.533919"]]
  [1m[35m (22.1ms)[0m  [1m[36mcommit transaction[0m
  [1m[35m (0.1ms)[0m  [1m[36mbegin transaction[0m
  [1m[35mSQL (0.5ms)[0m  [1m[32mINSERT INTO "emails" ("object", "body", "created_at", "updated_at") VALUES (?, ?, ?, ?)[0m  [["object", "Vero amet voluptatibus sit."], ["body", "Qui est maiores nemo dolorem. Dolorem qui facilis explicabo vitae nam similique. Est in quae voluptatem architecto. Omnis quae aperiam quibusdam. Voluptatibus omnis possimus. Et et culpa aut provident asperiores rerum. Consequuntur inventore quos doloribus corrupti tenetur aut. Culpa ut magnam. Nam aperiam voluptate ea nesciunt illo quam. Qui occaecati suscipit labore reiciendis non facilis ab. Omnis illum et ducimus facere."], ["created_at", "2017-08-31 15:39:26.563909"], ["updated_at", "2017-08-31 15:39:26.563909"]]
  [1m[35m (21.2ms)[0m  [1m[36mcommit transaction[0m
  [1m[35m (3.2ms)[0m  [1m[36mbegin transaction[0m
  [1m[35mSQL (0.5ms)[0m  [1m[32mINSERT INTO "emails" ("object", "body", "created_at", "updated_at") VALUES (?, ?, ?, ?)[0m  [["object", "Dolores aliquam maxime dicta sit aspernatur."], ["body", "Aperiam impedit molestiae quo quasi qui cumque rerum. Sed veniam a dolorem facilis ullam quaerat laudantium. Ratione possimus qui error quaerat omnis saepe. Totam explicabo autem molestiae a porro. Vel nisi dignissimos iusto distinctio error. Accusamus voluptates tenetur. Commodi sapiente deleniti veritatis mollitia sit nesciunt. Nisi vel recusandae natus similique quibusdam velit. Provident neque et quam dolor rerum quaerat. Repudiandae quis ea minus beatae illo omnis. Soluta quia voluptatem voluptatem vero qui ducimus."], ["created_at", "2017-08-31 15:39:26.597304"], ["updated_at", "2017-08-31 15:39:26.597304"]]
  [1m[35m (23.9ms)[0m  [1m[36mcommit transaction[0m
  [1m[35m (0.4ms)[0m  [1m[36mbegin transaction[0m
  [1m[35mSQL (7.3ms)[0m  [1m[32mINSERT INTO "emails" ("object", "body", "created_at", "updated_at") VALUES (?, ?, ?, ?)[0m  [["object", "Rerum neque excepturi perspiciatis est laboriosam."], ["body", "Vel atque earum. Dolore ut omnis in id est accusantium. Ut placeat possimus pariatur itaque voluptates eveniet dolores. Voluptatibus sed blanditiis et cumque. Et facere illo numquam totam maiores rerum illum. Quibusdam reiciendis impedit. Et dolorem omnis. Ea inventore ut deleniti et vel quasi sed. Neque dolore est. Maiores magnam dolor doloremque. Odio in quia qui architecto placeat."], ["created_at", "2017-08-31 15:39:26.627421"], ["updated_at", "2017-08-31 15:39:26.627421"]]
  [1m[35m (25.0ms)[0m  [1m[36mcommit transaction[0m
  [1m[35m (0.1ms)[0m  [1m[36mbegin transaction[0m
  [1m[35mSQL (0.4ms)[0m  [1m[32mINSERT INTO "emails" ("object", "body", "created_at", "updated_at") VALUES (?, ?, ?, ?)[0m  [["object", "Eius quae eaque cupiditate eveniet maxime."], ["body", "Cumque nihil sequi natus aliquam in corrupti dolorem. Corrupti quas optio cumque eaque. Illo minus modi quia in. Placeat corporis ut. Velit consequatur dicta. Aut consequuntur voluptate vero autem iusto est sint. Quod deleniti voluptates fuga. Quos nisi aut id corrupti esse. Dolor qui quia. Autem voluptatem odit repudiandae ut ut. Quia consequatur omnis."], ["created_at", "2017-08-31 15:39:26.664445"], ["updated_at", "2017-08-31 15:39:26.664445"]]
  [1m[35m (19.5ms)[0m  [1m[36mcommit transaction[0m
  [1m[35m (0.1ms)[0m  [1m[36mbegin transaction[0m
  [1m[35mSQL (5.2ms)[0m  [1m[32mINSERT INTO "emails" ("object", "body", "created_at", "updated_at") VALUES (?, ?, ?, ?)[0m  [["object", "Id et."], ["body", "In quam nostrum ratione. Quo quisquam in repudiandae rerum. Aut quibusdam aliquid quisquam deserunt quia doloremque. Ea velit perferendis animi quo temporibus quo dolores. In voluptatem aspernatur assumenda molestias est ut. Sit soluta aut sequi debitis rem molestias. Esse sint in minus. Amet accusantium aut quos occaecati corrupti cumque. Magnam expedita dolorem et beatae qui. Ipsam reiciendis ipsum in. Inventore enim natus eum ipsum et voluptas accusantium."], ["created_at", "2017-08-31 15:39:26.690148"], ["updated_at", "2017-08-31 15:39:26.690148"]]
  [1m[35m (19.4ms)[0m  [1m[36mcommit transaction[0m
  [1m[35m (0.1ms)[0m  [1m[36mbegin transaction[0m
  [1m[35mSQL (0.3ms)[0m  [1m[32mINSERT INTO "emails" ("object", "body", "created_at", "updated_at") VALUES (?, ?, ?, ?)[0m  [["object", "Velit excepturi quod."], ["body", "Quisquam ea sequi voluptatem. Aut corrupti error et similique occaecati cupiditate odio. Neque nemo dolor exercitationem quia ea error. Quam voluptas ut. Beatae velit voluptatem itaque. Quia sed asperiores omnis ipsum vel. Cum harum vel. Ut et eius esse nemo aspernatur sunt explicabo. Ipsa excepturi harum eum aspernatur qui. Cumque id debitis accusantium impedit eum doloremque."], ["created_at", "2017-08-31 15:39:26.720475"], ["updated_at", "2017-08-31 15:39:26.720475"]]
  [1m[35m (21.3ms)[0m  [1m[36mcommit transaction[0m
  [1m[35m (0.1ms)[0m  [1m[36mbegin transaction[0m
  [1m[35mSQL (0.2ms)[0m  [1m[32mINSERT INTO "emails" ("object", "body", "created_at", "updated_at") VALUES (?, ?, ?, ?)[0m  [["object", "Mollitia occaecati."], ["body", "Quas corrupti quis expedita voluptatem dolorum est pariatur. Earum et quo tenetur sed. Ipsum asperiores atque eaque fugiat. Sunt ipsa necessitatibus facere quisquam molestiae inventore. Consequatur quis et qui. Et et non maiores sit rerum voluptatum qui. Ut similique expedita fugiat sed et. Cupiditate reiciendis quia voluptatem nemo vel. Enim omnis velit ut. Explicabo ex voluptatem aliquid quaerat."], ["created_at", "2017-08-31 15:39:26.752072"], ["updated_at", "2017-08-31 15:39:26.752072"]]
  [1m[35m (23.5ms)[0m  [1m[36mcommit transaction[0m
  [1m[35m (0.1ms)[0m  [1m[36mbegin transaction[0m
  [1m[35mSQL (0.2ms)[0m  [1m[32mINSERT INTO "emails" ("object", "body", "created_at", "updated_at") VALUES (?, ?, ?, ?)[0m  [["object", "Iste ut sed."], ["body", "Eligendi a voluptatem officiis. Eius consequuntur dolores ab adipisci quis iste sit. Laborum maiores ut nesciunt. Enim facilis at nesciunt iure animi sunt. Sit quia ut et alias. Molestiae enim consequatur aliquam est. Ut sed fugit ipsum quia. Qui quasi et aut voluptatem facere. Quod reprehenderit eaque. Consequatur et accusantium est molestias eum."], ["created_at", "2017-08-31 15:39:26.780693"], ["updated_at", "2017-08-31 15:39:26.780693"]]
  [1m[35m (16.3ms)[0m  [1m[36mcommit transaction[0m
  [1m[35m (0.1ms)[0m  [1m[36mbegin transaction[0m
  [1m[35mSQL (1.5ms)[0m  [1m[32mINSERT INTO "emails" ("object", "body", "created_at", "updated_at") VALUES (?, ?, ?, ?)[0m  [["object", "Laboriosam."], ["body", "Maiores ut expedita delectus. Illum debitis pariatur reprehenderit aut. Suscipit totam omnis. Tempora qui sunt dicta totam nihil suscipit harum. Culpa voluptates ea alias esse dolores. Occaecati sit alias nobis porro aut. Ducimus velit vero. Veniam doloribus et ducimus ab quo aut nihil. Deserunt dolores et et. Ut est quisquam omnis. Velit magni animi deleniti hic. Dolorem sit occaecati."], ["created_at", "2017-08-31 15:39:26.806301"], ["updated_at", "2017-08-31 15:39:26.806301"]]
  [1m[35m (22.4ms)[0m  [1m[36mcommit transaction[0m
  [1m[35m (0.1ms)[0m  [1m[36mbegin transaction[0m
  [1m[35mSQL (1.6ms)[0m  [1m[32mINSERT INTO "emails" ("object", "body", "created_at", "updated_at") VALUES (?, ?, ?, ?)[0m  [["object", "Consectetur."], ["body", "Sapiente error corrupti quia iure quae. A distinctio illo praesentium laudantium. Quas magnam nisi et incidunt minus quis neque. Qui sunt et. Enim ut officiis blanditiis dolorum aspernatur pariatur est. Quo tempora nesciunt veritatis. Sunt aut eos totam quia qui. Est quia consequatur ut beatae. Ut quas sapiente quae quia voluptatem nulla harum. Natus libero perferendis aut fugit."], ["created_at", "2017-08-31 15:39:26.834237"], ["updated_at", "2017-08-31 15:39:26.834237"]]
  [1m[35m (23.0ms)[0m  [1m[36mcommit transaction[0m
  [1m[35m (0.2ms)[0m  [1m[36mbegin transaction[0m
  [1m[35mSQL (0.2ms)[0m  [1m[32mINSERT INTO "emails" ("object", "body", "created_at", "updated_at") VALUES (?, ?, ?, ?)[0m  [["object", "Voluptate earum sunt ut et."], ["body", "Eos cum at dicta. Assumenda temporibus sint. Ad tempore rerum. Enim doloribus est. Est nam qui laborum. Cumque maiores cum exercitationem ullam dolor inventore. Sed ratione necessitatibus. Neque sunt voluptas. Dignissimos est similique voluptas minima corrupti. Delectus perferendis id vero repellendus corporis ut iusto. Aut ullam dicta adipisci at incidunt distinctio mollitia."], ["created_at", "2017-08-31 15:39:26.862177"], ["updated_at", "2017-08-31 15:39:26.862177"]]
  [1m[35m (21.6ms)[0m  [1m[36mcommit transaction[0m
  [1m[35m (0.1ms)[0m  [1m[36mbegin transaction[0m
  [1m[35mSQL (0.4ms)[0m  [1m[32mINSERT INTO "emails" ("object", "body", "created_at", "updated_at") VALUES (?, ?, ?, ?)[0m  [["object", "Veritatis."], ["body", "Corporis vel ducimus non aut sunt qui. Accusamus quis eos odio cupiditate. Ducimus aut deserunt. Est magni laboriosam harum tempore fugiat amet nemo. Ut sunt quaerat non id a. Nostrum explicabo necessitatibus. Ut repellat est sed itaque consectetur vel. Odio iusto optio quam. Quis blanditiis repellendus sint est inventore hic. Magnam autem iusto."], ["created_at", "2017-08-31 15:39:26.892252"], ["updated_at", "2017-08-31 15:39:26.892252"]]
  [1m[35m (21.4ms)[0m  [1m[36mcommit transaction[0m
  [1m[35m (0.4ms)[0m  [1m[34mSELECT "schema_migrations"."version" FROM "schema_migrations" ORDER BY "schema_migrations"."version" ASC[0m
  [1m[35m (0.1ms)[0m  [1m[36mbegin transaction[0m
  [1m[35mSQL (7.2ms)[0m  [1m[32mINSERT INTO "emails" ("object", "body", "created_at", "updated_at") VALUES (?, ?, ?, ?)[0m  [["object", "Placeat."], ["body", "Consectetur impedit eius quaerat velit. Dolorem architecto rerum. Amet aut nisi voluptatem maxime sint quod. Eos explicabo et at molestias repellendus. Placeat ipsam sequi tempore illo ut non. Quae aut sequi sunt quibusdam quidem. Enim placeat explicabo dolorem sunt dicta et repudiandae. Id architecto in ut. Fuga nemo soluta. Ipsam quasi qui accusamus alias. Laudantium eos animi veritatis."], ["created_at", "2017-08-31 15:39:38.170119"], ["updated_at", "2017-08-31 15:39:38.170119"]]
  [1m[35m (31.0ms)[0m  [1m[36mcommit transaction[0m
  [1m[35m (0.2ms)[0m  [1m[36mbegin transaction[0m
  [1m[35mSQL (3.7ms)[0m  [1m[32mINSERT INTO "emails" ("object", "body", "created_at", "updated_at") VALUES (?, ?, ?, ?)[0m  [["object", "Quasi ut impedit omnis magni."], ["body", "Rerum aut voluptates aliquid ut est unde. Quo quis ratione mollitia provident. Quia distinctio molestias ullam illo sed quia. Et illum libero. Assumenda est excepturi odit perspiciatis sint illum dignissimos. Id rem ratione voluptatibus velit. Quos quia natus dolorem. Unde est doloremque eum. Deleniti accusamus eos dolore culpa. Nisi ex aliquid consectetur cupiditate nesciunt dolore."], ["created_at", "2017-08-31 15:39:38.214139"], ["updated_at", "2017-08-31 15:39:38.214139"]]
  [1m[35m (21.8ms)[0m  [1m[36mcommit transaction[0m
  [1m[35m (0.1ms)[0m  [1m[36mbegin transaction[0m
  [1m[35mSQL (6.3ms)[0m  [1m[32mINSERT INTO "emails" ("object", "body", "created_at", "updated_at") VALUES (?, ?, ?, ?)[0m  [["object", "Ex nihil consequatur corrupti."], ["body", "Consequatur et quo sint atque est facilis. Nemo excepturi quia reiciendis blanditiis ex et a. Quo repudiandae molestiae recusandae dignissimos. Asperiores animi sint ducimus ullam. Inventore accusamus illum error atque maxime vitae. Quaerat eos provident. Maxime vel laudantium. Qui a sed sit vero ea. Non nobis dolorem quo. Ut delectus eos vel. Ab omnis at deleniti inventore ipsum vel repudiandae. Possimus aliquam qui vel."], ["created_at", "2017-08-31 15:39:38.250580"], ["updated_at", "2017-08-31 15:39:38.250580"]]
  [1m[35m (31.8ms)[0m  [1m[36mcommit transaction[0m
  [1m[35m (0.1ms)[0m  [1m[36mbegin transaction[0m
  [1m[35mSQL (0.4ms)[0m  [1m[32mINSERT INTO "emails" ("object", "body", "created_at", "updated_at") VALUES (?, ?, ?, ?)[0m  [["object", "Nulla aut itaque ea."], ["body", "Ipsam ut dolores et. Beatae quod ea praesentium aut alias in ratione. Aut nihil ab animi quaerat molestias sed. Voluptas aliquid cum ab reiciendis. Quaerat quae accusantium aut. Et sint asperiores aut. Perferendis et maxime. Impedit id accusamus et. Aut eligendi adipisci tempore quos nobis. Eveniet quia eaque. Possimus vel aut voluptatem animi saepe."], ["created_at", "2017-08-31 15:39:38.297555"], ["updated_at", "2017-08-31 15:39:38.297555"]]
  [1m[35m (16.8ms)[0m  [1m[36mcommit transaction[0m
  [1m[35m (0.1ms)[0m  [1m[36mbegin transaction[0m
  [1m[35mSQL (0.4ms)[0m  [1m[32mINSERT INTO "emails" ("object", "body", "created_at", "updated_at") VALUES (?, ?, ?, ?)[0m  [["object", "Delectus."], ["body", "Repellendus accusamus voluptatibus. Tempore nihil necessitatibus aspernatur ipsum aut possimus non. Ut et et porro consectetur commodi recusandae in. Cupiditate dolores deserunt. At qui harum ut dolores iusto blanditiis. Rerum qui similique vel velit quo. Sed aut sed commodi voluptas. Dolores assumenda id architecto. Voluptas maxime incidunt cupiditate porro est et ipsa. Ipsam ipsa et repudiandae est nemo reiciendis. Aperiam hic repellendus voluptatibus."], ["created_at", "2017-08-31 15:39:38.324731"], ["updated_at", "2017-08-31 15:39:38.324731"]]
  [1m[35m (20.7ms)[0m  [1m[36mcommit transaction[0m
  [1m[35m (0.1ms)[0m  [1m[36mbegin transaction[0m
  [1m[35mSQL (0.4ms)[0m  [1m[32mINSERT INTO "emails" ("object", "body", "created_at", "updated_at") VALUES (?, ?, ?, ?)[0m  [["object", "Suscipit est."], ["body", "Illo ratione ipsam beatae reiciendis similique neque dolor. Sint est quam sit et voluptate doloremque perspiciatis. Deserunt et nihil numquam quasi harum voluptatem voluptatem. Natus ut aspernatur suscipit ea itaque nulla. Eos id in sint quia esse. Aspernatur et qui. Praesentium consequuntur placeat veritatis voluptatum. Et porro odio quibusdam accusantium. Tempora recusandae saepe perferendis consequatur ipsa esse. Nihil iste tempora autem quisquam. Veniam dolor rem et omnis velit ipsa aut. Dolores iusto quam facilis id."], ["created_at", "2017-08-31 15:39:38.353133"], ["updated_at", "2017-08-31 15:39:38.353133"]]
  [1m[35m (25.2ms)[0m  [1m[36mcommit transaction[0m
  [1m[35m (0.1ms)[0m  [1m[36mbegin transaction[0m
  [1m[35mSQL (4.7ms)[0m  [1m[32mINSERT INTO "emails" ("object", "body", "created_at", "updated_at") VALUES (?, ?, ?, ?)[0m  [["object", "Aut."], ["body", "Doloremque aut odio voluptas libero aliquid. Dolores deleniti nihil voluptates. Molestiae et alias fugit dolorem veritatis laudantium voluptatem. Reprehenderit veniam omnis est. Et libero praesentium non autem atque numquam. Corporis deleniti minima enim dolorem dolores culpa illo. Aspernatur consequatur tenetur quia voluptas et quod. Aut ratione alias culpa pariatur quod ut. Sapiente eaque assumenda aut eligendi quo facere. Rerum iusto a architecto amet. Eveniet modi explicabo qui quia id. Adipisci sit illum iste qui incidunt possimus repellat."], ["created_at", "2017-08-31 15:39:38.386265"], ["updated_at", "2017-08-31 15:39:38.386265"]]
  [1m[35m (22.0ms)[0m  [1m[36mcommit transaction[0m
  [1m[35m (0.2ms)[0m  [1m[36mbegin transaction[0m
  [1m[35mSQL (3.6ms)[0m  [1m[32mINSERT INTO "emails" ("object", "body", "created_at", "updated_at") VALUES (?, ?, ?, ?)[0m  [["object", "Vero accusantium voluptates est."], ["body", "Officia magnam ducimus. Placeat labore enim similique aperiam voluptas. Quis amet quo laborum explicabo voluptatum. Nemo voluptates eius soluta pariatur et perspiciatis. Id saepe quos suscipit. A eaque harum et saepe quo sequi. Tempora non molestiae id laudantium doloribus. Ipsam qui ab. Fugit est vitae repudiandae ut sed doloremque architecto. Architecto ut culpa saepe. Sint architecto rerum enim accusamus rem et. Optio laudantium sit minima aut eligendi repudiandae."], ["created_at", "2017-08-31 15:39:38.419326"], ["updated_at", "2017-08-31 15:39:38.419326"]]
  [1m[35m (25.4ms)[0m  [1m[36mcommit transaction[0m
  [1m[35m (0.2ms)[0m  [1m[36mbegin transaction[0m
  [1m[35mSQL (6.0ms)[0m  [1m[32mINSERT INTO "emails" ("object", "body", "created_at", "updated_at") VALUES (?, ?, ?, ?)[0m  [["object", "Ab eius."], ["body", "Sed aut corporis fugiat non voluptatem totam. Vitae sequi voluptatem reiciendis possimus et dolor rerum. Omnis alias expedita esse consequatur facilis id qui. Voluptas culpa dolore nesciunt ad perferendis facilis. Maxime corporis tenetur culpa quaerat. Quae et enim. Tempore dolor corrupti omnis asperiores. Esse aut et explicabo perspiciatis non voluptate. Animi optio consectetur. Cumque molestiae voluptatem. Neque commodi non autem."], ["created_at", "2017-08-31 15:39:38.453864"], ["updated_at", "2017-08-31 15:39:38.453864"]]
  [1m[35m (19.7ms)[0m  [1m[36mcommit transaction[0m
  [1m[35m (0.1ms)[0m  [1m[36mbegin transaction[0m
  [1m[35mSQL (1.2ms)[0m  [1m[32mINSERT INTO "emails" ("object", "body", "created_at", "updated_at") VALUES (?, ?, ?, ?)[0m  [["object", "Ad."], ["body", "Corporis molestiae deleniti dolor cumque quos libero nemo. Distinctio quidem incidunt est debitis. Officiis facere maiores nesciunt in nisi. Recusandae voluptas delectus culpa quos minus ut sed. Sequi consectetur ipsum praesentium impedit pariatur et ut. Quia aut velit sunt veniam accusamus et animi. Est error et praesentium consequuntur. Perspiciatis ut qui minus ut distinctio dolores. Et sint consequatur earum consequatur molestiae laborum error. Quasi nemo maxime libero esse sint. Vel placeat soluta beatae nisi aut nihil."], ["created_at", "2017-08-31 15:39:38.485308"], ["updated_at", "2017-08-31 15:39:38.485308"]]
  [1m[35m (21.1ms)[0m  [1m[36mcommit transaction[0m
  [1m[35m (0.2ms)[0m  [1m[36mbegin transaction[0m
  [1m[35mSQL (0.4ms)[0m  [1m[32mINSERT INTO "emails" ("object", "body", "created_at", "updated_at") VALUES (?, ?, ?, ?)[0m  [["object", "Unde voluptas voluptas nostrum rerum nisi."], ["body", "Asperiores sint quia placeat. Quae hic nostrum consequuntur voluptatem magni veritatis in. Qui qui provident ex vitae. Quos aperiam ut qui. Rerum optio delectus quia tenetur voluptatem minus repellendus. Ut nostrum et corporis nemo ab. Omnis est provident iusto et rerum illo officiis. Ipsam dolores nobis molestiae. Iste ullam et impedit odio rerum magnam. Earum ratione reiciendis ipsam recusandae voluptatem libero."], ["created_at", "2017-08-31 15:39:38.514412"], ["updated_at", "2017-08-31 15:39:38.514412"]]
  [1m[35m (26.9ms)[0m  [1m[36mcommit transaction[0m
  [1m[35m (0.3ms)[0m  [1m[36mbegin transaction[0m
  [1m[35mSQL (4.8ms)[0m  [1m[32mINSERT INTO "emails" ("object", "body", "created_at", "updated_at") VALUES (?, ?, ?, ?)[0m  [["object", "Dolorem ratione enim at."], ["body", "Qui veniam non quo fugit id cumque vel. Magni officiis explicabo nisi voluptates dignissimos. Omnis voluptatem fuga qui. Molestiae accusantium rerum nihil. Non itaque aut molestiae corrupti quia molestiae in. Laudantium adipisci doloremque. Molestiae est dolorem sed quo. Deserunt laboriosam voluptatem rem quia accusantium natus expedita. Qui voluptas consectetur. Sequi et et."], ["created_at", "2017-08-31 15:39:38.551460"], ["updated_at", "2017-08-31 15:39:38.551460"]]
  [1m[35m (15.3ms)[0m  [1m[36mcommit transaction[0m
  [1m[35m (0.3ms)[0m  [1m[36mbegin transaction[0m
  [1m[35mSQL (4.5ms)[0m  [1m[32mINSERT INTO "emails" ("object", "body", "created_at", "updated_at") VALUES (?, ?, ?, ?)[0m  [["object", "Laudantium fugiat quia voluptatibus necessitatibus."], ["body", "Ut rerum qui consequatur omnis minima tempora sunt. Voluptate maiores sit quibusdam. Et velit enim a et. Inventore sit quas aut ullam nobis voluptatem. Voluptate explicabo vel. Laudantium cum sed. Fugit quas facilis quae dolor deleniti consequatur et. Iusto culpa natus sed. Et sint illo et et adipisci aut velit. Id est eum odit qui nesciunt nemo ratione. Quidem a consectetur neque culpa ea voluptates."], ["created_at", "2017-08-31 15:39:38.579447"], ["updated_at", "2017-08-31 15:39:38.579447"]]
  [1m[35m (39.1ms)[0m  [1m[36mcommit transaction[0m
  [1m[35m (0.1ms)[0m  [1m[36mbegin transaction[0m
  [1m[35mSQL (3.0ms)[0m  [1m[32mINSERT INTO "emails" ("object", "body", "created_at", "updated_at") VALUES (?, ?, ?, ?)[0m  [["object", "Quo qui aut tempore."], ["body", "Facere ipsam magni vel maxime minima. Officiis quam aut placeat dolor. Quia facilis ipsum autem sunt aliquid fuga quod. Dicta incidunt omnis dolores. Excepturi esse qui enim asperiores vitae. Modi voluptatem inventore ducimus et. Quia necessitatibus magni quo praesentium labore iure. Libero sed aut esse et. Adipisci necessitatibus velit quia enim expedita sunt nostrum. Cupiditate vitae quia et laudantium aliquam. Saepe et neque aliquam."], ["created_at", "2017-08-31 15:39:38.635754"], ["updated_at", "2017-08-31 15:39:38.635754"]]
  [1m[35m (34.0ms)[0m  [1m[36mcommit transaction[0m
  [1m[35m (0.1ms)[0m  [1m[36mbegin transaction[0m
  [1m[35mSQL (3.1ms)[0m  [1m[32mINSERT INTO "emails" ("object", "body", "created_at", "updated_at") VALUES (?, ?, ?, ?)[0m  [["object", "Et in ut ipsam ratione error."], ["body", "Nostrum totam accusantium incidunt veniam nihil beatae. Et doloribus atque distinctio nisi. Ut sapiente deserunt quis. Dolorem voluptate recusandae voluptas sit ut. Voluptas consequatur accusamus vitae repellendus. Aut tempora odit. Et nemo placeat sed dolorem. Aut quam et aut velit dolores autem nesciunt. Officia eos ut odit neque et. Alias recusandae esse enim."], ["created_at", "2017-08-31 15:39:38.693914"], ["updated_at", "2017-08-31 15:39:38.693914"]]
  [1m[35m (31.1ms)[0m  [1m[36mcommit transaction[0m
  [1m[35m (0.2ms)[0m  [1m[36mbegin transaction[0m
  [1m[35mSQL (0.4ms)[0m  [1m[32mINSERT INTO "emails" ("object", "body", "created_at", "updated_at") VALUES (?, ?, ?, ?)[0m  [["object", "Repellendus provident amet nostrum."], ["body", "Laboriosam facilis rerum omnis porro. Quia et illo laboriosam. Minima rem voluptatibus voluptatem. Possimus optio molestias neque. Voluptate vel reprehenderit architecto exercitationem quis at. Laboriosam reiciendis dolor voluptate autem repudiandae voluptatem eaque. Et animi exercitationem excepturi rerum. Eos sint laboriosam. Esse saepe culpa pariatur quaerat. Nostrum quo dolor. Voluptatem et magni aliquam quidem nihil ut."], ["created_at", "2017-08-31 15:39:38.739098"], ["updated_at", "2017-08-31 15:39:38.739098"]]
  [1m[35m (22.7ms)[0m  [1m[36mcommit transaction[0m
  [1m[35m (0.1ms)[0m  [1m[36mbegin transaction[0m
  [1m[35mSQL (0.4ms)[0m  [1m[32mINSERT INTO "emails" ("object", "body", "created_at", "updated_at") VALUES (?, ?, ?, ?)[0m  [["object", "Odit iusto."], ["body", "Adipisci ipsam esse. Nisi nesciunt dolorum. Id officia debitis labore et rerum ut. Tempora distinctio delectus sit molestiae totam doloremque vitae. Eveniet repudiandae consequatur aut quia enim corporis consequuntur. Laboriosam cumque assumenda nisi at. Harum quo voluptatem et impedit. Qui possimus eum molestiae veritatis sunt eos nesciunt. Doloribus ea quia pariatur sed consequatur ut. Aspernatur voluptas dignissimos dolores assumenda autem maxime consectetur. Qui dignissimos dolor aut rerum et. Natus non sed consequatur ut."], ["created_at", "2017-08-31 15:39:38.773453"], ["updated_at", "2017-08-31 15:39:38.773453"]]
  [1m[35m (26.0ms)[0m  [1m[36mcommit transaction[0m
  [1m[35m (0.1ms)[0m  [1m[36mbegin transaction[0m
  [1m[35mSQL (0.6ms)[0m  [1m[32mINSERT INTO "emails" ("object", "body", "created_at", "updated_at") VALUES (?, ?, ?, ?)[0m  [["object", "Ea."], ["body", "Magni exercitationem laborum numquam voluptatum. Blanditiis quisquam tempore. Quam beatae velit dignissimos cupiditate rerum. Voluptates ab non possimus asperiores. Quis et nam sit vero in sunt voluptatem. Voluptas placeat voluptatem et et nemo. Soluta maxime id iusto harum. Dolore necessitatibus consequatur deleniti dolorum sed explicabo. Nulla recusandae quam ducimus molestiae rerum. Est optio ut molestiae. Voluptatem non sint et ullam qui ut. Sit aliquid non libero quis veniam."], ["created_at", "2017-08-31 15:39:38.803518"], ["updated_at", "2017-08-31 15:39:38.803518"]]
  [1m[35m (26.0ms)[0m  [1m[36mcommit transaction[0m
  [1m[35m (0.1ms)[0m  [1m[36mbegin transaction[0m
  [1m[35mSQL (0.4ms)[0m  [1m[32mINSERT INTO "emails" ("object", "body", "created_at", "updated_at") VALUES (?, ?, ?, ?)[0m  [["object", "Officiis ea in autem."], ["body", "Ducimus et eum natus velit nesciunt laudantium incidunt. Qui deserunt dolores non nisi enim aut. Velit non praesentium architecto quia mollitia magni voluptatibus. Vel aperiam praesentium magni. Eum accusamus quam eligendi sed doloremque animi. Adipisci dicta nobis corrupti quae maiores ratione. A tenetur cumque qui ea quibusdam voluptates. Dolor dignissimos at et ipsam voluptas. Vel quidem perspiciatis perferendis sequi. Qui quo veritatis est laboriosam. Ut rerum et assumenda magnam voluptatem. Et quo at nulla dolor accusamus."], ["created_at", "2017-08-31 15:39:38.839477"], ["updated_at", "2017-08-31 15:39:38.839477"]]
  [1m[35m (21.8ms)[0m  [1m[36mcommit transaction[0m
  [1m[35m (0.1ms)[0m  [1m[36mbegin transaction[0m
  [1m[35mSQL (0.2ms)[0m  [1m[32mINSERT INTO "emails" ("object", "body", "created_at", "updated_at") VALUES (?, ?, ?, ?)[0m  [["object", "Expedita."], ["body", "Eligendi nobis molestias quam eius voluptatem a. Iste delectus qui quas eius voluptatem quaerat. Accusantium incidunt pariatur. Sit culpa facilis. Et illo ullam omnis et consequatur est. Aliquam aut impedit omnis ad minima. Ea aut cumque voluptatibus eos. Omnis quo maxime id delectus et adipisci aut. Quia molestias consequatur veritatis. Voluptatem soluta perspiciatis architecto tempore sunt."], ["created_at", "2017-08-31 15:39:38.872858"], ["updated_at", "2017-08-31 15:39:38.872858"]]
  [1m[35m (20.6ms)[0m  [1m[36mcommit transaction[0m
Started GET "/" for 127.0.0.1 at 2017-08-31 17:40:06 +0200
  [1m[35m (0.3ms)[0m  [1m[34mSELECT "schema_migrations"."version" FROM "schema_migrations" ORDER BY "schema_migrations"."version" ASC[0m
Processing by EmailsController#index as HTML
  Rendering emails/index.html.erb within layouts/application
  [1m[36mEmail Exists (0.3ms)[0m  [1m[34mSELECT  1 AS one FROM "emails" LIMIT ?[0m  [["LIMIT", 1]]
  [1m[36mEmail Load (0.6ms)[0m  [1m[34mSELECT "emails".* FROM "emails"[0m
  Rendered emails/_index.html.erb (103.5ms)
  Rendered emails/index.html.erb within layouts/application (115.2ms)
Completed 200 OK in 20434ms (Views: 20398.4ms | ActiveRecord: 2.0ms)


Started GET "/emails/1" for 127.0.0.1 at 2017-08-31 17:40:36 +0200
Processing by EmailsController#show as JS
  Parameters: {"id"=>"1"}
  [1m[36mEmail Load (0.4ms)[0m  [1m[34mSELECT  "emails".* FROM "emails" WHERE "emails"."id" = ? LIMIT ?[0m  [["id", 1], ["LIMIT", 1]]
  [1m[36mCACHE Email Load (0.0ms)[0m  [1m[34mSELECT  "emails".* FROM "emails" WHERE "emails"."id" = ? LIMIT ?[0m  [["id", 1], ["LIMIT", 1]]
Started GET "/emails/1" for 127.0.0.1 at 2017-08-31 17:40:36 +0200
Processing by EmailsController#show as JS
  Parameters: {"id"=>"1"}
  [1m[36mEmail Load (0.3ms)[0m  [1m[34mSELECT  "emails".* FROM "emails" WHERE "emails"."id" = ? LIMIT ?[0m  [["id", 1], ["LIMIT", 1]]
  [1m[36mCACHE Email Load (0.0ms)[0m  [1m[34mSELECT  "emails".* FROM "emails" WHERE "emails"."id" = ? LIMIT ?[0m  [["id", 1], ["LIMIT", 1]]
  Rendering emails/show.js.erb
  Rendering emails/show.js.erb
  Rendered emails/_email.html.erb (1.8ms)
  Rendered emails/show.js.erb (24.9ms)
Completed 200 OK in 96ms (Views: 53.3ms | ActiveRecord: 0.9ms)


  Rendered emails/_email.html.erb (0.5ms)
  Rendered emails/show.js.erb (14.5ms)
Completed 200 OK in 61ms (Views: 42.3ms | ActiveRecord: 0.7ms)


Started GET "/emails/2" for 127.0.0.1 at 2017-08-31 17:40:43 +0200
Processing by EmailsController#show as JS
  Parameters: {"id"=>"2"}
  [1m[36mEmail Load (0.1ms)[0m  [1m[34mSELECT  "emails".* FROM "emails" WHERE "emails"."id" = ? LIMIT ?[0m  [["id", 2], ["LIMIT", 1]]
  [1m[36mCACHE Email Load (0.2ms)[0m  [1m[34mSELECT  "emails".* FROM "emails" WHERE "emails"."id" = ? LIMIT ?[0m  [["id", 2], ["LIMIT", 1]]
  Rendering emails/show.js.erb
  Rendered emails/_email.html.erb (1.2ms)
Started GET "/emails/2" for 127.0.0.1 at 2017-08-31 17:40:43 +0200
  Rendered emails/show.js.erb (16.5ms)
Completed 200 OK in 40ms (Views: 30.1ms | ActiveRecord: 0.3ms)


Processing by EmailsController#show as JS
  Parameters: {"id"=>"2"}
  [1m[36mEmail Load (0.2ms)[0m  [1m[34mSELECT  "emails".* FROM "emails" WHERE "emails"."id" = ? LIMIT ?[0m  [["id", 2], ["LIMIT", 1]]
  [1m[36mCACHE Email Load (0.3ms)[0m  [1m[34mSELECT  "emails".* FROM "emails" WHERE "emails"."id" = ? LIMIT ?[0m  [["id", 2], ["LIMIT", 1]]
  Rendering emails/show.js.erb
  Rendered emails/_email.html.erb (6.4ms)
  Rendered emails/show.js.erb (8.6ms)
Completed 200 OK in 29ms (Views: 22.5ms | ActiveRecord: 0.5ms)


Started GET "/emails/3" for 127.0.0.1 at 2017-08-31 17:40:45 +0200
Processing by EmailsController#show as JS
  Parameters: {"id"=>"3"}
Started GET "/emails/3" for 127.0.0.1 at 2017-08-31 17:40:45 +0200
Processing by EmailsController#show as JS
  [1m[36mEmail Load (0.2ms)[0m  [1m[34mSELECT  "emails".* FROM "emails" WHERE "emails"."id" = ? LIMIT ?[0m  [["id", 3], ["LIMIT", 1]]
  Parameters: {"id"=>"3"}
  [1m[36mEmail Load (0.1ms)[0m  [1m[34mSELECT  "emails".* FROM "emails" WHERE "emails"."id" = ? LIMIT ?[0m  [["id", 3], ["LIMIT", 1]]
  [1m[36mCACHE Email Load (0.0ms)[0m  [1m[34mSELECT  "emails".* FROM "emails" WHERE "emails"."id" = ? LIMIT ?[0m  [["id", 3], ["LIMIT", 1]]
  [1m[36mCACHE Email Load (0.0ms)[0m  [1m[34mSELECT  "emails".* FROM "emails" WHERE "emails"."id" = ? LIMIT ?[0m  [["id", 3], ["LIMIT", 1]]
  Rendering emails/show.js.erb
  Rendered emails/_email.html.erb (1.0ms)
  Rendering emails/show.js.erb
  Rendered emails/show.js.erb (7.8ms)
  Rendered emails/_email.html.erb (0.3ms)
Completed 200 OK in 54ms (Views: 26.5ms | ActiveRecord: 0.2ms)


  Rendered emails/show.js.erb (2.1ms)
Completed 200 OK in 39ms (Views: 19.2ms | ActiveRecord: 0.1ms)


Started GET "/emails/4" for 127.0.0.1 at 2017-08-31 17:40:46 +0200
Processing by EmailsController#show as JS
  Parameters: {"id"=>"4"}
  [1m[36mEmail Load (0.1ms)[0m  [1m[34mSELECT  "emails".* FROM "emails" WHERE "emails"."id" = ? LIMIT ?[0m  [["id", 4], ["LIMIT", 1]]
  [1m[36mCACHE Email Load (0.0ms)[0m  [1m[34mSELECT  "emails".* FROM "emails" WHERE "emails"."id" = ? LIMIT ?[0m  [["id", 4], ["LIMIT", 1]]
Started GET "/emails/4" for 127.0.0.1 at 2017-08-31 17:40:46 +0200
Processing by EmailsController#show as JS
  Parameters: {"id"=>"4"}
  [1m[36mEmail Load (0.2ms)[0m  [1m[34mSELECT  "emails".* FROM "emails" WHERE "emails"."id" = ? LIMIT ?[0m  [["id", 4], ["LIMIT", 1]]
  [1m[36mCACHE Email Load (0.0ms)[0m  [1m[34mSELECT  "emails".* FROM "emails" WHERE "emails"."id" = ? LIMIT ?[0m  [["id", 4], ["LIMIT", 1]]
  Rendering emails/show.js.erb
  Rendered emails/_email.html.erb (0.8ms)
  Rendered emails/show.js.erb (14.0ms)
Completed 200 OK in 53ms (Views: 46.3ms | ActiveRecord: 0.2ms)


  Rendering emails/show.js.erb
  Rendered emails/_email.html.erb (1.2ms)
  Rendered emails/show.js.erb (9.5ms)
Completed 200 OK in 39ms (Views: 24.1ms | ActiveRecord: 0.2ms)


Started GET "/emails/5" for 127.0.0.1 at 2017-08-31 17:40:47 +0200
Processing by EmailsController#show as JS
  Parameters: {"id"=>"5"}
Started GET "/emails/5" for 127.0.0.1 at 2017-08-31 17:40:47 +0200
Processing by EmailsController#show as JS
  Parameters: {"id"=>"5"}
  [1m[36mEmail Load (0.4ms)[0m  [1m[34mSELECT  "emails".* FROM "emails" WHERE "emails"."id" = ? LIMIT ?[0m  [["id", 5], ["LIMIT", 1]]
  [1m[36mEmail Load (0.2ms)[0m  [1m[34mSELECT  "emails".* FROM "emails" WHERE "emails"."id" = ? LIMIT ?[0m  [["id", 5], ["LIMIT", 1]]
  [1m[36mCACHE Email Load (0.0ms)[0m  [1m[34mSELECT  "emails".* FROM "emails" WHERE "emails"."id" = ? LIMIT ?[0m  [["id", 5], ["LIMIT", 1]]
  [1m[36mCACHE Email Load (0.0ms)[0m  [1m[34mSELECT  "emails".* FROM "emails" WHERE "emails"."id" = ? LIMIT ?[0m  [["id", 5], ["LIMIT", 1]]
  Rendering emails/show.js.erb
  Rendered emails/_email.html.erb (1.0ms)
  Rendering emails/show.js.erb
  Rendered emails/show.js.erb (7.4ms)
  Rendered emails/_email.html.erb (0.3ms)
Completed 200 OK in 53ms (Views: 33.4ms | ActiveRecord: 0.4ms)


  Rendered emails/show.js.erb (6.1ms)
Completed 200 OK in 48ms (Views: 20.8ms | ActiveRecord: 0.2ms)


Started GET "/emails/6" for 127.0.0.1 at 2017-08-31 17:40:48 +0200
Processing by EmailsController#show as JS
  Parameters: {"id"=>"6"}
  [1m[36mEmail Load (0.3ms)[0m  [1m[34mSELECT  "emails".* FROM "emails" WHERE "emails"."id" = ? LIMIT ?[0m  [["id", 6], ["LIMIT", 1]]
  [1m[36mCACHE Email Load (0.0ms)[0m  [1m[34mSELECT  "emails".* FROM "emails" WHERE "emails"."id" = ? LIMIT ?[0m  [["id", 6], ["LIMIT", 1]]
Started GET "/emails/6" for 127.0.0.1 at 2017-08-31 17:40:48 +0200
Processing by EmailsController#show as JS
  Parameters: {"id"=>"6"}
  [1m[36mEmail Load (0.1ms)[0m  [1m[34mSELECT  "emails".* FROM "emails" WHERE "emails"."id" = ? LIMIT ?[0m  [["id", 6], ["LIMIT", 1]]
  [1m[36mCACHE Email Load (0.0ms)[0m  [1m[34mSELECT  "emails".* FROM "emails" WHERE "emails"."id" = ? LIMIT ?[0m  [["id", 6], ["LIMIT", 1]]
  Rendering emails/show.js.erb
  Rendered emails/_email.html.erb (1.1ms)
  Rendered emails/show.js.erb (10.2ms)
Completed 200 OK in 48ms (Views: 41.3ms | ActiveRecord: 0.3ms)


  Rendering emails/show.js.erb
  Rendered emails/_email.html.erb (0.7ms)
  Rendered emails/show.js.erb (4.1ms)
Completed 200 OK in 40ms (Views: 25.0ms | ActiveRecord: 0.2ms)


Started GET "/emails/7" for 127.0.0.1 at 2017-08-31 17:40:49 +0200
Processing by EmailsController#show as JS
  Parameters: {"id"=>"7"}
  [1m[36mEmail Load (0.2ms)[0m  [1m[34mSELECT  "emails".* FROM "emails" WHERE "emails"."id" = ? LIMIT ?[0m  [["id", 7], ["LIMIT", 1]]
  [1m[36mCACHE Email Load (0.0ms)[0m  [1m[34mSELECT  "emails".* FROM "emails" WHERE "emails"."id" = ? LIMIT ?[0m  [["id", 7], ["LIMIT", 1]]
Started GET "/emails/7" for 127.0.0.1 at 2017-08-31 17:40:49 +0200
Processing by EmailsController#show as JS
  Parameters: {"id"=>"7"}
  [1m[36mEmail Load (0.1ms)[0m  [1m[34mSELECT  "emails".* FROM "emails" WHERE "emails"."id" = ? LIMIT ?[0m  [["id", 7], ["LIMIT", 1]]
  [1m[36mCACHE Email Load (0.0ms)[0m  [1m[34mSELECT  "emails".* FROM "emails" WHERE "emails"."id" = ? LIMIT ?[0m  [["id", 7], ["LIMIT", 1]]
  Rendering emails/show.js.erb
  Rendered emails/_email.html.erb (0.7ms)
  Rendered emails/show.js.erb (5.5ms)
Completed 200 OK in 42ms (Views: 38.9ms | ActiveRecord: 0.2ms)


  Rendering emails/show.js.erb
  Rendered emails/_email.html.erb (0.5ms)
  Rendered emails/show.js.erb (5.2ms)
Completed 200 OK in 45ms (Views: 28.5ms | ActiveRecord: 0.2ms)


Started GET "/emails/8" for 127.0.0.1 at 2017-08-31 17:41:06 +0200
Processing by EmailsController#show as JS
  Parameters: {"id"=>"8"}
  [1m[36mEmail Load (0.3ms)[0m  [1m[34mSELECT  "emails".* FROM "emails" WHERE "emails"."id" = ? LIMIT ?[0m  [["id", 8], ["LIMIT", 1]]
  [1m[36mCACHE Email Load (0.0ms)[0m  [1m[34mSELECT  "emails".* FROM "emails" WHERE "emails"."id" = ? LIMIT ?[0m  [["id", 8], ["LIMIT", 1]]
Started GET "/emails/8" for 127.0.0.1 at 2017-08-31 17:41:06 +0200
  Rendering emails/show.js.erb
Processing by EmailsController#show as JS
  Parameters: {"id"=>"8"}
  [1m[36mEmail Load (0.3ms)[0m  [1m[34mSELECT  "emails".* FROM "emails" WHERE "emails"."id" = ? LIMIT ?[0m  [["id", 8], ["LIMIT", 1]]
  [1m[36mCACHE Email Load (0.0ms)[0m  [1m[34mSELECT  "emails".* FROM "emails" WHERE "emails"."id" = ? LIMIT ?[0m  [["id", 8], ["LIMIT", 1]]
  Rendered emails/_email.html.erb (5.9ms)
  Rendered emails/show.js.erb (29.6ms)
Completed 200 OK in 64ms (Views: 54.6ms | ActiveRecord: 0.3ms)


  Rendering emails/show.js.erb
  Rendered emails/_email.html.erb (1.0ms)
  Rendered emails/show.js.erb (2.8ms)
Completed 200 OK in 27ms (Views: 17.5ms | ActiveRecord: 0.4ms)


Started GET "/emails/9" for 127.0.0.1 at 2017-08-31 17:41:07 +0200
Processing by EmailsController#show as JS
  Parameters: {"id"=>"9"}
  [1m[36mEmail Load (2.9ms)[0m  [1m[34mSELECT  "emails".* FROM "emails" WHERE "emails"."id" = ? LIMIT ?[0m  [["id", 9], ["LIMIT", 1]]
  [1m[36mCACHE Email Load (0.0ms)[0m  [1m[34mSELECT  "emails".* FROM "emails" WHERE "emails"."id" = ? LIMIT ?[0m  [["id", 9], ["LIMIT", 1]]
Started GET "/emails/9" for 127.0.0.1 at 2017-08-31 17:41:07 +0200
Processing by EmailsController#show as JS
  Parameters: {"id"=>"9"}
  [1m[36mEmail Load (0.1ms)[0m  [1m[34mSELECT  "emails".* FROM "emails" WHERE "emails"."id" = ? LIMIT ?[0m  [["id", 9], ["LIMIT", 1]]
  [1m[36mCACHE Email Load (0.0ms)[0m  [1m[34mSELECT  "emails".* FROM "emails" WHERE "emails"."id" = ? LIMIT ?[0m  [["id", 9], ["LIMIT", 1]]
  Rendering emails/show.js.erb
  Rendered emails/_email.html.erb (10.5ms)
  Rendered emails/show.js.erb (19.1ms)
Completed 200 OK in 68ms (Views: 61.7ms | ActiveRecord: 2.9ms)


  Rendering emails/show.js.erb
  Rendered emails/_email.html.erb (4.8ms)
  Rendered emails/show.js.erb (7.0ms)
Completed 200 OK in 60ms (Views: 41.3ms | ActiveRecord: 0.2ms)


Started GET "/emails/10" for 127.0.0.1 at 2017-08-31 17:41:09 +0200
Processing by EmailsController#show as JS
  Parameters: {"id"=>"10"}
Started GET "/emails/10" for 127.0.0.1 at 2017-08-31 17:41:09 +0200
Processing by EmailsController#show as JS
  Parameters: {"id"=>"10"}
  [1m[36mEmail Load (0.3ms)[0m  [1m[34mSELECT  "emails".* FROM "emails" WHERE "emails"."id" = ? LIMIT ?[0m  [["id", 10], ["LIMIT", 1]]
  [1m[36mEmail Load (0.1ms)[0m  [1m[34mSELECT  "emails".* FROM "emails" WHERE "emails"."id" = ? LIMIT ?[0m  [["id", 10], ["LIMIT", 1]]
  [1m[36mCACHE Email Load (0.0ms)[0m  [1m[34mSELECT  "emails".* FROM "emails" WHERE "emails"."id" = ? LIMIT ?[0m  [["id", 10], ["LIMIT", 1]]
  [1m[36mCACHE Email Load (0.0ms)[0m  [1m[34mSELECT  "emails".* FROM "emails" WHERE "emails"."id" = ? LIMIT ?[0m  [["id", 10], ["LIMIT", 1]]
  Rendering emails/show.js.erb
  Rendering emails/show.js.erb
  Rendered emails/_email.html.erb (0.4ms)
  Rendered emails/show.js.erb (3.2ms)
Completed 200 OK in 39ms (Views: 18.3ms | ActiveRecord: 0.1ms)


  Rendered emails/_email.html.erb (5.4ms)
  Rendered emails/show.js.erb (13.5ms)
Completed 200 OK in 53ms (Views: 32.4ms | ActiveRecord: 0.3ms)


Started GET "/emails/11" for 127.0.0.1 at 2017-08-31 17:41:10 +0200
Processing by EmailsController#show as JS
  Parameters: {"id"=>"11"}
  [1m[36mEmail Load (0.2ms)[0m  [1m[34mSELECT  "emails".* FROM "emails" WHERE "emails"."id" = ? LIMIT ?[0m  [["id", 11], ["LIMIT", 1]]
Started GET "/emails/11" for 127.0.0.1 at 2017-08-31 17:41:10 +0200
Processing by EmailsController#show as JS
  Parameters: {"id"=>"11"}
  [1m[36mCACHE Email Load (0.0ms)[0m  [1m[34mSELECT  "emails".* FROM "emails" WHERE "emails"."id" = ? LIMIT ?[0m  [["id", 11], ["LIMIT", 1]]
  [1m[36mEmail Load (0.3ms)[0m  [1m[34mSELECT  "emails".* FROM "emails" WHERE "emails"."id" = ? LIMIT ?[0m  [["id", 11], ["LIMIT", 1]]
  [1m[36mCACHE Email Load (0.0ms)[0m  [1m[34mSELECT  "emails".* FROM "emails" WHERE "emails"."id" = ? LIMIT ?[0m  [["id", 11], ["LIMIT", 1]]
  Rendering emails/show.js.erb
  Rendered emails/_email.html.erb (2.9ms)
  Rendered emails/show.js.erb (8.1ms)
Completed 200 OK in 48ms (Views: 31.0ms | ActiveRecord: 0.2ms)


  Rendering emails/show.js.erb
  Rendered emails/_email.html.erb (0.4ms)
  Rendered emails/show.js.erb (1.5ms)
Completed 200 OK in 39ms (Views: 18.1ms | ActiveRecord: 0.3ms)


Started GET "/emails/12" for 127.0.0.1 at 2017-08-31 17:41:10 +0200
Processing by EmailsController#show as JS
  Parameters: {"id"=>"12"}
Started GET "/emails/12" for 127.0.0.1 at 2017-08-31 17:41:10 +0200
  [1m[36mEmail Load (0.3ms)[0m  [1m[34mSELECT  "emails".* FROM "emails" WHERE "emails"."id" = ? LIMIT ?[0m  [["id", 12], ["LIMIT", 1]]
Processing by EmailsController#show as JS
  Parameters: {"id"=>"12"}
  [1m[36mEmail Load (0.1ms)[0m  [1m[34mSELECT  "emails".* FROM "emails" WHERE "emails"."id" = ? LIMIT ?[0m  [["id", 12], ["LIMIT", 1]]
  [1m[36mCACHE Email Load (0.0ms)[0m  [1m[34mSELECT  "emails".* FROM "emails" WHERE "emails"."id" = ? LIMIT ?[0m  [["id", 12], ["LIMIT", 1]]
  [1m[36mCACHE Email Load (0.0ms)[0m  [1m[34mSELECT  "emails".* FROM "emails" WHERE "emails"."id" = ? LIMIT ?[0m  [["id", 12], ["LIMIT", 1]]
  Rendering emails/show.js.erb
  Rendering emails/show.js.erb
  Rendered emails/_email.html.erb (5.4ms)
  Rendered emails/show.js.erb (12.0ms)
Completed 200 OK in 59ms (Views: 37.9ms | ActiveRecord: 0.3ms)


  Rendered emails/_email.html.erb (0.3ms)
  Rendered emails/show.js.erb (10.9ms)
Completed 200 OK in 51ms (Views: 27.0ms | ActiveRecord: 0.1ms)


Started GET "/emails" for 127.0.0.1 at 2017-08-31 22:47:00 +0200
  [1m[35m (14.7ms)[0m  [1m[34mSELECT "schema_migrations"."version" FROM "schema_migrations" ORDER BY "schema_migrations"."version" ASC[0m
Processing by EmailsController#index as HTML
  Rendering emails/index.html.erb within layouts/application
  [1m[36mEmail Exists (0.2ms)[0m  [1m[34mSELECT  1 AS one FROM "emails" LIMIT ?[0m  [["LIMIT", 1]]
  [1m[36mEmail Load (0.6ms)[0m  [1m[34mSELECT "emails".* FROM "emails"[0m
  Rendered emails/_index.html.erb (70.1ms)
  Rendered emails/index.html.erb within layouts/application (78.8ms)
Completed 200 OK in 1185ms (Views: 1137.5ms | ActiveRecord: 1.9ms)


Started GET "/emails/2" for 127.0.0.1 at 2017-08-31 22:47:06 +0200
Processing by EmailsController#show as JS
  Parameters: {"id"=>"2"}
  [1m[36mEmail Load (0.3ms)[0m  [1m[34mSELECT  "emails".* FROM "emails" WHERE "emails"."id" = ? LIMIT ?[0m  [["id", 2], ["LIMIT", 1]]
  [1m[36mCACHE Email Load (0.0ms)[0m  [1m[34mSELECT  "emails".* FROM "emails" WHERE "emails"."id" = ? LIMIT ?[0m  [["id", 2], ["LIMIT", 1]]
  Rendering emails/show.js.erb
  Rendered emails/_email.html.erb (4.5ms)
  Rendered emails/show.js.erb (9.0ms)
Completed 200 OK in 27ms (Views: 20.7ms | ActiveRecord: 0.3ms)


Started GET "/emails/2" for 127.0.0.1 at 2017-08-31 22:47:06 +0200
Processing by EmailsController#show as JS
  Parameters: {"id"=>"2"}
  [1m[36mEmail Load (0.1ms)[0m  [1m[34mSELECT  "emails".* FROM "emails" WHERE "emails"."id" = ? LIMIT ?[0m  [["id", 2], ["LIMIT", 1]]
  [1m[36mCACHE Email Load (0.0ms)[0m  [1m[34mSELECT  "emails".* FROM "emails" WHERE "emails"."id" = ? LIMIT ?[0m  [["id", 2], ["LIMIT", 1]]
  Rendering emails/show.js.erb
  Rendered emails/_email.html.erb (0.7ms)
  Rendered emails/show.js.erb (5.9ms)
Completed 200 OK in 21ms (Views: 13.7ms | ActiveRecord: 0.1ms)


Started GET "/emails/5" for 127.0.0.1 at 2017-08-31 22:47:11 +0200
Processing by EmailsController#show as JS
  Parameters: {"id"=>"5"}
  [1m[36mEmail Load (0.1ms)[0m  [1m[34mSELECT  "emails".* FROM "emails" WHERE "emails"."id" = ? LIMIT ?[0m  [["id", 5], ["LIMIT", 1]]
  [1m[36mCACHE Email Load (0.0ms)[0m  [1m[34mSELECT  "emails".* FROM "emails" WHERE "emails"."id" = ? LIMIT ?[0m  [["id", 5], ["LIMIT", 1]]
  Rendering emails/show.js.erb
  Rendered emails/_email.html.erb (1.1ms)
  Rendered emails/show.js.erb (2.7ms)
Completed 200 OK in 11ms (Views: 7.1ms | ActiveRecord: 0.1ms)


Started GET "/emails/5" for 127.0.0.1 at 2017-08-31 22:47:11 +0200
Processing by EmailsController#show as JS
  Parameters: {"id"=>"5"}
  [1m[36mEmail Load (0.1ms)[0m  [1m[34mSELECT  "emails".* FROM "emails" WHERE "emails"."id" = ? LIMIT ?[0m  [["id", 5], ["LIMIT", 1]]
  [1m[36mCACHE Email Load (0.0ms)[0m  [1m[34mSELECT  "emails".* FROM "emails" WHERE "emails"."id" = ? LIMIT ?[0m  [["id", 5], ["LIMIT", 1]]
  Rendering emails/show.js.erb
  Rendered emails/_email.html.erb (0.7ms)
  Rendered emails/show.js.erb (2.7ms)
Completed 200 OK in 22ms (Views: 16.1ms | ActiveRecord: 0.1ms)


Started GET "/emails/6" for 127.0.0.1 at 2017-08-31 22:47:13 +0200
Processing by EmailsController#show as JS
  Parameters: {"id"=>"6"}
Started GET "/emails/6" for 127.0.0.1 at 2017-08-31 22:47:13 +0200
Processing by EmailsController#show as JS
  Parameters: {"id"=>"6"}
  [1m[36mEmail Load (1.2ms)[0m  [1m[34mSELECT  "emails".* FROM "emails" WHERE "emails"."id" = ? LIMIT ?[0m  [["id", 6], ["LIMIT", 1]]
  [1m[36mEmail Load (0.2ms)[0m  [1m[34mSELECT  "emails".* FROM "emails" WHERE "emails"."id" = ? LIMIT ?[0m  [["id", 6], ["LIMIT", 1]]
  [1m[36mCACHE Email Load (0.0ms)[0m  [1m[34mSELECT  "emails".* FROM "emails" WHERE "emails"."id" = ? LIMIT ?[0m  [["id", 6], ["LIMIT", 1]]
  [1m[36mCACHE Email Load (0.0ms)[0m  [1m[34mSELECT  "emails".* FROM "emails" WHERE "emails"."id" = ? LIMIT ?[0m  [["id", 6], ["LIMIT", 1]]
  Rendering emails/show.js.erb
  Rendered emails/_email.html.erb (0.9ms)
  Rendering emails/show.js.erb
  Rendered emails/show.js.erb (2.7ms)
  Rendered emails/_email.html.erb (4.5ms)
Completed 200 OK in 44ms (Views: 30.8ms | ActiveRecord: 0.7ms)


  Rendered emails/show.js.erb (6.1ms)
Completed 200 OK in 52ms (Views: 40.6ms | ActiveRecord: 1.2ms)


Started GET "/emails/8" for 127.0.0.1 at 2017-08-31 22:47:15 +0200
Processing by EmailsController#show as JS
  Parameters: {"id"=>"8"}
  [1m[36mEmail Load (0.1ms)[0m  [1m[34mSELECT  "emails".* FROM "emails" WHERE "emails"."id" = ? LIMIT ?[0m  [["id", 8], ["LIMIT", 1]]
  [1m[36mCACHE Email Load (0.0ms)[0m  [1m[34mSELECT  "emails".* FROM "emails" WHERE "emails"."id" = ? LIMIT ?[0m  [["id", 8], ["LIMIT", 1]]
  Rendering emails/show.js.erb
  Rendered emails/_email.html.erb (7.6ms)
  Rendered emails/show.js.erb (10.2ms)
Completed 200 OK in 18ms (Views: 14.4ms | ActiveRecord: 0.1ms)


Started GET "/emails/8" for 127.0.0.1 at 2017-08-31 22:47:15 +0200
Processing by EmailsController#show as JS
  Parameters: {"id"=>"8"}
  [1m[36mEmail Load (0.2ms)[0m  [1m[34mSELECT  "emails".* FROM "emails" WHERE "emails"."id" = ? LIMIT ?[0m  [["id", 8], ["LIMIT", 1]]
  [1m[36mCACHE Email Load (0.0ms)[0m  [1m[34mSELECT  "emails".* FROM "emails" WHERE "emails"."id" = ? LIMIT ?[0m  [["id", 8], ["LIMIT", 1]]
  Rendering emails/show.js.erb
  Rendered emails/_email.html.erb (3.2ms)
  Rendered emails/show.js.erb (6.1ms)
Completed 200 OK in 23ms (Views: 13.8ms | ActiveRecord: 0.2ms)


Started GET "/emails" for 127.0.0.1 at 2017-08-31 22:55:54 +0200
  [1m[35m (0.2ms)[0m  [1m[34mSELECT "schema_migrations"."version" FROM "schema_migrations" ORDER BY "schema_migrations"."version" ASC[0m
Processing by EmailsController#index as HTML
  Rendering emails/index.html.erb within layouts/application
  [1m[36mEmail Exists (0.2ms)[0m  [1m[34mSELECT  1 AS one FROM "emails" LIMIT ?[0m  [["LIMIT", 1]]
  [1m[36mEmail Load (0.9ms)[0m  [1m[34mSELECT "emails".* FROM "emails"[0m
  Rendered emails/_index.html.erb (65.9ms)
  Rendered emails/index.html.erb within layouts/application (77.7ms)
Completed 200 OK in 483ms (Views: 449.0ms | ActiveRecord: 6.4ms)


Started GET "/emails" for 127.0.0.1 at 2017-08-31 22:55:57 +0200
Processing by EmailsController#index as HTML
  Rendering emails/index.html.erb within layouts/application
  [1m[36mEmail Exists (0.2ms)[0m  [1m[34mSELECT  1 AS one FROM "emails" LIMIT ?[0m  [["LIMIT", 1]]
  [1m[36mEmail Load (0.4ms)[0m  [1m[34mSELECT "emails".* FROM "emails"[0m
  Rendered emails/_index.html.erb (21.8ms)
  Rendered emails/index.html.erb within layouts/application (24.7ms)
Completed 200 OK in 108ms (Views: 105.9ms | ActiveRecord: 0.8ms)


Started GET "/emails" for 127.0.0.1 at 2017-08-31 22:56:06 +0200
Processing by EmailsController#index as HTML
  Rendering emails/index.html.erb within layouts/application
  [1m[36mEmail Exists (0.3ms)[0m  [1m[34mSELECT  1 AS one FROM "emails" LIMIT ?[0m  [["LIMIT", 1]]
  [1m[36mEmail Load (0.4ms)[0m  [1m[34mSELECT "emails".* FROM "emails"[0m
  Rendered emails/_index.html.erb (21.7ms)
  Rendered emails/index.html.erb within layouts/application (27.5ms)
Completed 200 OK in 121ms (Views: 118.6ms | ActiveRecord: 0.7ms)


Started GET "/emails/1" for 127.0.0.1 at 2017-08-31 22:56:10 +0200
Processing by EmailsController#show as JS
  Parameters: {"id"=>"1"}
  [1m[36mEmail Load (0.4ms)[0m  [1m[34mSELECT  "emails".* FROM "emails" WHERE "emails"."id" = ? LIMIT ?[0m  [["id", 1], ["LIMIT", 1]]
  [1m[36mCACHE Email Load (0.0ms)[0m  [1m[34mSELECT  "emails".* FROM "emails" WHERE "emails"."id" = ? LIMIT ?[0m  [["id", 1], ["LIMIT", 1]]
  Rendering emails/show.js.erb
Started GET "/emails/1" for 127.0.0.1 at 2017-08-31 22:56:10 +0200
Processing by EmailsController#show as JS
  Parameters: {"id"=>"1"}
  [1m[36mEmail Load (0.3ms)[0m  [1m[34mSELECT  "emails".* FROM "emails" WHERE "emails"."id" = ? LIMIT ?[0m  [["id", 1], ["LIMIT", 1]]
  [1m[36mCACHE Email Load (0.0ms)[0m  [1m[34mSELECT  "emails".* FROM "emails" WHERE "emails"."id" = ? LIMIT ?[0m  [["id", 1], ["LIMIT", 1]]
  Rendered emails/_email.html.erb (1.0ms)
  Rendered emails/show.js.erb (19.2ms)
Completed 200 OK in 51ms (Views: 23.5ms | ActiveRecord: 0.4ms)


  Rendering emails/show.js.erb
  Rendered emails/_email.html.erb (0.9ms)
  Rendered emails/show.js.erb (12.5ms)
Completed 200 OK in 38ms (Views: 22.1ms | ActiveRecord: 0.7ms)


Started GET "/" for 127.0.0.1 at 2017-08-31 23:03:38 +0200
  [1m[35m (0.5ms)[0m  [1m[34mSELECT "schema_migrations"."version" FROM "schema_migrations" ORDER BY "schema_migrations"."version" ASC[0m
Processing by EmailsController#index as HTML
  Rendering emails/index.html.erb within layouts/application
  [1m[36mEmail Exists (0.4ms)[0m  [1m[34mSELECT  1 AS one FROM "emails" LIMIT ?[0m  [["LIMIT", 1]]
  [1m[36mEmail Load (0.5ms)[0m  [1m[34mSELECT "emails".* FROM "emails"[0m
  Rendered emails/_index.html.erb (66.1ms)
  Rendered emails/index.html.erb within layouts/application (71.3ms)
Completed 200 OK in 5454ms (Views: 5427.7ms | ActiveRecord: 2.0ms)


Started GET "/" for 127.0.0.1 at 2017-08-31 23:06:48 +0200
Processing by EmailsController#index as HTML
  Rendering emails/index.html.erb within layouts/application
  [1m[36mEmail Exists (0.2ms)[0m  [1m[34mSELECT  1 AS one FROM "emails" LIMIT ?[0m  [["LIMIT", 1]]
  [1m[36mEmail Load (0.5ms)[0m  [1m[34mSELECT "emails".* FROM "emails"[0m
  Rendered emails/_index.html.erb (18.3ms)
  Rendered emails/index.html.erb within layouts/application (26.3ms)
Completed 200 OK in 153ms (Views: 149.9ms | ActiveRecord: 0.7ms)


Started GET "/" for 127.0.0.1 at 2017-08-31 23:07:32 +0200
Processing by EmailsController#index as HTML
  Rendering emails/index.html.erb within layouts/application
  [1m[36mEmail Exists (0.5ms)[0m  [1m[34mSELECT  1 AS one FROM "emails" LIMIT ?[0m  [["LIMIT", 1]]
  [1m[36mEmail Load (0.9ms)[0m  [1m[34mSELECT "emails".* FROM "emails"[0m
  Rendered emails/_index.html.erb (25.2ms)
  Rendered emails/index.html.erb within layouts/application (26.8ms)
Completed 200 OK in 145ms (Views: 142.1ms | ActiveRecord: 1.4ms)


Started GET "/emails/35" for 127.0.0.1 at 2017-08-31 23:07:40 +0200
Processing by EmailsController#show as JS
  Parameters: {"id"=>"35"}
  [1m[36mEmail Load (0.4ms)[0m  [1m[34mSELECT  "emails".* FROM "emails" WHERE "emails"."id" = ? LIMIT ?[0m  [["id", 35], ["LIMIT", 1]]
  [1m[36mCACHE Email Load (0.0ms)[0m  [1m[34mSELECT  "emails".* FROM "emails" WHERE "emails"."id" = ? LIMIT ?[0m  [["id", 35], ["LIMIT", 1]]
Started GET "/emails/35" for 127.0.0.1 at 2017-08-31 23:07:40 +0200
Processing by EmailsController#show as JS
  Parameters: {"id"=>"35"}
  Rendering emails/show.js.erb
  [1m[36mEmail Load (0.1ms)[0m  [1m[34mSELECT  "emails".* FROM "emails" WHERE "emails"."id" = ? LIMIT ?[0m  [["id", 35], ["LIMIT", 1]]
  [1m[36mCACHE Email Load (0.0ms)[0m  [1m[34mSELECT  "emails".* FROM "emails" WHERE "emails"."id" = ? LIMIT ?[0m  [["id", 35], ["LIMIT", 1]]
  Rendered emails/_email.html.erb (1.0ms)
  Rendered emails/show.js.erb (16.5ms)
Completed 200 OK in 56ms (Views: 42.9ms | ActiveRecord: 0.4ms)


  Rendering emails/show.js.erb
  Rendered emails/_email.html.erb (1.3ms)
  Rendered emails/show.js.erb (5.6ms)
Completed 200 OK in 39ms (Views: 24.9ms | ActiveRecord: 0.4ms)


Started GET "/" for 127.0.0.1 at 2017-08-31 23:08:09 +0200
Processing by EmailsController#index as HTML
  Rendering emails/index.html.erb within layouts/application
  [1m[36mEmail Exists (4.8ms)[0m  [1m[34mSELECT  1 AS one FROM "emails" LIMIT ?[0m  [["LIMIT", 1]]
  [1m[36mEmail Load (0.7ms)[0m  [1m[34mSELECT "emails".* FROM "emails"[0m
  Rendered emails/_index.html.erb (21.4ms)
  Rendered emails/index.html.erb within layouts/application (27.3ms)
Completed 200 OK in 157ms (Views: 149.5ms | ActiveRecord: 5.5ms)


Started GET "/emails/6" for 127.0.0.1 at 2017-08-31 23:08:14 +0200
Processing by EmailsController#show as JS
  Parameters: {"id"=>"6"}
  [1m[36mEmail Load (0.4ms)[0m  [1m[34mSELECT  "emails".* FROM "emails" WHERE "emails"."id" = ? LIMIT ?[0m  [["id", 6], ["LIMIT", 1]]
  [1m[36mCACHE Email Load (0.0ms)[0m  [1m[34mSELECT  "emails".* FROM "emails" WHERE "emails"."id" = ? LIMIT ?[0m  [["id", 6], ["LIMIT", 1]]
  Rendering emails/show.js.erb
  Rendered emails/_email.html.erb (0.9ms)
  Rendered emails/show.js.erb (7.3ms)
Completed 200 OK in 27ms (Views: 16.9ms | ActiveRecord: 0.4ms)


Started GET "/emails/6" for 127.0.0.1 at 2017-08-31 23:08:14 +0200
Processing by EmailsController#show as JS
  Parameters: {"id"=>"6"}
  [1m[36mEmail Load (0.1ms)[0m  [1m[34mSELECT  "emails".* FROM "emails" WHERE "emails"."id" = ? LIMIT ?[0m  [["id", 6], ["LIMIT", 1]]
  [1m[36mCACHE Email Load (0.0ms)[0m  [1m[34mSELECT  "emails".* FROM "emails" WHERE "emails"."id" = ? LIMIT ?[0m  [["id", 6], ["LIMIT", 1]]
  Rendering emails/show.js.erb
  Rendered emails/_email.html.erb (1.0ms)
  Rendered emails/show.js.erb (2.8ms)
Completed 200 OK in 29ms (Views: 21.6ms | ActiveRecord: 0.1ms)


Started GET "/" for 127.0.0.1 at 2017-08-31 23:09:48 +0200
Processing by EmailsController#index as HTML
  Rendering emails/index.html.erb within layouts/application
  [1m[36mEmail Exists (0.2ms)[0m  [1m[34mSELECT  1 AS one FROM "emails" LIMIT ?[0m  [["LIMIT", 1]]
  [1m[36mEmail Load (0.9ms)[0m  [1m[34mSELECT "emails".* FROM "emails"[0m
  Rendered emails/_index.html.erb (30.8ms)
  Rendered emails/index.html.erb within layouts/application (37.5ms)
Completed 200 OK in 160ms (Views: 155.1ms | ActiveRecord: 1.1ms)


Started GET "/emails/3" for 127.0.0.1 at 2017-08-31 23:10:48 +0200
Processing by EmailsController#show as JS
  Parameters: {"id"=>"3"}
Started GET "/emails/3" for 127.0.0.1 at 2017-08-31 23:10:48 +0200
  [1m[36mEmail Load (0.3ms)[0m  [1m[34mSELECT  "emails".* FROM "emails" WHERE "emails"."id" = ? LIMIT ?[0m  [["id", 3], ["LIMIT", 1]]
Processing by EmailsController#show as JS
  Parameters: {"id"=>"3"}
  [1m[36mCACHE Email Load (0.0ms)[0m  [1m[34mSELECT  "emails".* FROM "emails" WHERE "emails"."id" = ? LIMIT ?[0m  [["id", 3], ["LIMIT", 1]]
  [1m[36mEmail Load (0.4ms)[0m  [1m[34mSELECT  "emails".* FROM "emails" WHERE "emails"."id" = ? LIMIT ?[0m  [["id", 3], ["LIMIT", 1]]
  [1m[36mCACHE Email Load (0.0ms)[0m  [1m[34mSELECT  "emails".* FROM "emails" WHERE "emails"."id" = ? LIMIT ?[0m  [["id", 3], ["LIMIT", 1]]
  Rendering emails/show.js.erb
  Rendering emails/show.js.erb
  Rendered emails/_email.html.erb (0.4ms)
  Rendered emails/show.js.erb (1.9ms)
  Rendered emails/_email.html.erb (6.5ms)
  Rendered emails/show.js.erb (17.4ms)
Completed 200 OK in 55ms (Views: 33.5ms | ActiveRecord: 0.3ms)


Completed 200 OK in 41ms (Views: 24.9ms | ActiveRecord: 0.4ms)


Started GET "/emails/6" for 127.0.0.1 at 2017-08-31 23:10:51 +0200
Processing by EmailsController#show as JS
  Parameters: {"id"=>"6"}
Started GET "/emails/6" for 127.0.0.1 at 2017-08-31 23:10:51 +0200
  [1m[36mEmail Load (0.2ms)[0m  [1m[34mSELECT  "emails".* FROM "emails" WHERE "emails"."id" = ? LIMIT ?[0m  [["id", 6], ["LIMIT", 1]]
Processing by EmailsController#show as JS
  Parameters: {"id"=>"6"}
  [1m[36mEmail Load (0.1ms)[0m  [1m[34mSELECT  "emails".* FROM "emails" WHERE "emails"."id" = ? LIMIT ?[0m  [["id", 6], ["LIMIT", 1]]
  [1m[36mCACHE Email Load (0.0ms)[0m  [1m[34mSELECT  "emails".* FROM "emails" WHERE "emails"."id" = ? LIMIT ?[0m  [["id", 6], ["LIMIT", 1]]
  [1m[36mCACHE Email Load (0.0ms)[0m  [1m[34mSELECT  "emails".* FROM "emails" WHERE "emails"."id" = ? LIMIT ?[0m  [["id", 6], ["LIMIT", 1]]
  Rendering emails/show.js.erb
  Rendered emails/_email.html.erb (0.9ms)
  Rendering emails/show.js.erb
  Rendered emails/show.js.erb (8.2ms)
Completed 200 OK in 55ms (Views: 33.4ms | ActiveRecord: 0.3ms)


  Rendered emails/_email.html.erb (0.3ms)
  Rendered emails/show.js.erb (3.1ms)
Completed 200 OK in 39ms (Views: 21.8ms | ActiveRecord: 0.1ms)


Started GET "/" for 127.0.0.1 at 2017-08-31 23:10:54 +0200
Processing by EmailsController#index as HTML
  Rendering emails/index.html.erb within layouts/application
  [1m[36mEmail Exists (0.2ms)[0m  [1m[34mSELECT  1 AS one FROM "emails" LIMIT ?[0m  [["LIMIT", 1]]
  [1m[36mEmail Load (0.5ms)[0m  [1m[34mSELECT "emails".* FROM "emails"[0m
  Rendered emails/_index.html.erb (22.4ms)
  Rendered emails/index.html.erb within layouts/application (26.9ms)
Completed 200 OK in 148ms (Views: 141.7ms | ActiveRecord: 0.6ms)


Started GET "/" for 127.0.0.1 at 2017-08-31 23:12:12 +0200
Processing by EmailsController#index as HTML
  Rendering emails/index.html.erb within layouts/application
  [1m[36mEmail Exists (0.2ms)[0m  [1m[34mSELECT  1 AS one FROM "emails" LIMIT ?[0m  [["LIMIT", 1]]
  [1m[36mEmail Load (0.4ms)[0m  [1m[34mSELECT "emails".* FROM "emails"[0m
  Rendered emails/_index.html.erb (17.0ms)
  Rendered emails/index.html.erb within layouts/application (29.4ms)
Completed 200 OK in 150ms (Views: 148.2ms | ActiveRecord: 0.5ms)


Started GET "/" for 127.0.0.1 at 2017-08-31 23:12:15 +0200
Processing by EmailsController#index as HTML
  Rendering emails/index.html.erb within layouts/application
  [1m[36mEmail Exists (0.2ms)[0m  [1m[34mSELECT  1 AS one FROM "emails" LIMIT ?[0m  [["LIMIT", 1]]
  [1m[36mEmail Load (0.4ms)[0m  [1m[34mSELECT "emails".* FROM "emails"[0m
  Rendered emails/_index.html.erb (23.0ms)
  Rendered emails/index.html.erb within layouts/application (25.0ms)
Completed 200 OK in 141ms (Views: 138.1ms | ActiveRecord: 0.6ms)


Started GET "/" for 127.0.0.1 at 2017-08-31 23:12:17 +0200
Processing by EmailsController#index as HTML
  Rendering emails/index.html.erb within layouts/application
  [1m[36mEmail Exists (4.4ms)[0m  [1m[34mSELECT  1 AS one FROM "emails" LIMIT ?[0m  [["LIMIT", 1]]
  [1m[36mEmail Load (0.3ms)[0m  [1m[34mSELECT "emails".* FROM "emails"[0m
  Rendered emails/_index.html.erb (20.6ms)
  Rendered emails/index.html.erb within layouts/application (25.3ms)
Completed 200 OK in 121ms (Views: 115.4ms | ActiveRecord: 4.7ms)


Started GET "/" for 127.0.0.1 at 2017-08-31 23:14:56 +0200
Processing by EmailsController#index as HTML
  Rendering emails/index.html.erb within layouts/application
  [1m[36mEmail Exists (0.2ms)[0m  [1m[34mSELECT  1 AS one FROM "emails" LIMIT ?[0m  [["LIMIT", 1]]
  [1m[36mEmail Load (0.2ms)[0m  [1m[34mSELECT "emails".* FROM "emails"[0m
  Rendered emails/_index.html.erb (17.6ms)
  Rendered emails/index.html.erb within layouts/application (23.1ms)
Completed 200 OK in 116ms (Views: 114.1ms | ActiveRecord: 0.4ms)


Started GET "/emails/20" for 127.0.0.1 at 2017-08-31 23:15:38 +0200
Processing by EmailsController#show as JS
  Parameters: {"id"=>"20"}
  [1m[36mEmail Load (0.3ms)[0m  [1m[34mSELECT  "emails".* FROM "emails" WHERE "emails"."id" = ? LIMIT ?[0m  [["id", 20], ["LIMIT", 1]]
  [1m[36mCACHE Email Load (0.0ms)[0m  [1m[34mSELECT  "emails".* FROM "emails" WHERE "emails"."id" = ? LIMIT ?[0m  [["id", 20], ["LIMIT", 1]]
  Rendering emails/show.js.erb
  Rendered emails/_email.html.erb (1.1ms)
  Rendered emails/show.js.erb (2.9ms)
Completed 200 OK in 22ms (Views: 15.9ms | ActiveRecord: 0.3ms)


Started GET "/emails/20" for 127.0.0.1 at 2017-08-31 23:15:38 +0200
Processing by EmailsController#show as JS
  Parameters: {"id"=>"20"}
  [1m[36mEmail Load (0.1ms)[0m  [1m[34mSELECT  "emails".* FROM "emails" WHERE "emails"."id" = ? LIMIT ?[0m  [["id", 20], ["LIMIT", 1]]
  [1m[36mCACHE Email Load (0.0ms)[0m  [1m[34mSELECT  "emails".* FROM "emails" WHERE "emails"."id" = ? LIMIT ?[0m  [["id", 20], ["LIMIT", 1]]
  Rendering emails/show.js.erb
  Rendered emails/_email.html.erb (5.1ms)
  Rendered emails/show.js.erb (7.3ms)
Completed 200 OK in 22ms (Views: 14.7ms | ActiveRecord: 0.1ms)


Started GET "/emails/5" for 127.0.0.1 at 2017-08-31 23:15:41 +0200
Processing by EmailsController#show as JS
  Parameters: {"id"=>"5"}
  [1m[36mEmail Load (0.2ms)[0m  [1m[34mSELECT  "emails".* FROM "emails" WHERE "emails"."id" = ? LIMIT ?[0m  [["id", 5], ["LIMIT", 1]]
  [1m[36mCACHE Email Load (0.0ms)[0m  [1m[34mSELECT  "emails".* FROM "emails" WHERE "emails"."id" = ? LIMIT ?[0m  [["id", 5], ["LIMIT", 1]]
Started GET "/emails/5" for 127.0.0.1 at 2017-08-31 23:15:41 +0200
Processing by EmailsController#show as JS
  Parameters: {"id"=>"5"}
  [1m[36mEmail Load (0.2ms)[0m  [1m[34mSELECT  "emails".* FROM "emails" WHERE "emails"."id" = ? LIMIT ?[0m  [["id", 5], ["LIMIT", 1]]
  [1m[36mCACHE Email Load (0.0ms)[0m  [1m[34mSELECT  "emails".* FROM "emails" WHERE "emails"."id" = ? LIMIT ?[0m  [["id", 5], ["LIMIT", 1]]
  Rendering emails/show.js.erb
  Rendered emails/_email.html.erb (1.2ms)
  Rendered emails/show.js.erb (12.8ms)
Completed 200 OK in 40ms (Views: 31.4ms | ActiveRecord: 0.3ms)


  Rendering emails/show.js.erb
  Rendered emails/_email.html.erb (0.4ms)
  Rendered emails/show.js.erb (1.5ms)
Completed 200 OK in 36ms (Views: 23.3ms | ActiveRecord: 0.3ms)


Started GET "/emails/4" for 127.0.0.1 at 2017-08-31 23:15:43 +0200
Processing by EmailsController#show as JS
  Parameters: {"id"=>"4"}
Started GET "/emails/4" for 127.0.0.1 at 2017-08-31 23:15:43 +0200
Processing by EmailsController#show as JS
  Parameters: {"id"=>"4"}
  [1m[36mEmail Load (0.1ms)[0m  [1m[34mSELECT  "emails".* FROM "emails" WHERE "emails"."id" = ? LIMIT ?[0m  [["id", 4], ["LIMIT", 1]]
  [1m[36mEmail Load (0.2ms)[0m  [1m[34mSELECT  "emails".* FROM "emails" WHERE "emails"."id" = ? LIMIT ?[0m  [["id", 4], ["LIMIT", 1]]
  [1m[36mCACHE Email Load (0.0ms)[0m  [1m[34mSELECT  "emails".* FROM "emails" WHERE "emails"."id" = ? LIMIT ?[0m  [["id", 4], ["LIMIT", 1]]
  [1m[36mCACHE Email Load (0.0ms)[0m  [1m[34mSELECT  "emails".* FROM "emails" WHERE "emails"."id" = ? LIMIT ?[0m  [["id", 4], ["LIMIT", 1]]
  Rendering emails/show.js.erb
  Rendering emails/show.js.erb
  Rendered emails/_email.html.erb (0.8ms)
  Rendered emails/show.js.erb (6.9ms)
Completed 200 OK in 49ms (Views: 30.5ms | ActiveRecord: 0.1ms)


  Rendered emails/_email.html.erb (0.4ms)
  Rendered emails/show.js.erb (10.6ms)
Completed 200 OK in 43ms (Views: 19.9ms | ActiveRecord: 0.2ms)


Started GET "/emails/3" for 127.0.0.1 at 2017-08-31 23:15:44 +0200
Processing by EmailsController#show as JS
  Parameters: {"id"=>"3"}
Started GET "/emails/3" for 127.0.0.1 at 2017-08-31 23:15:44 +0200
Processing by EmailsController#show as JS
  Parameters: {"id"=>"3"}
  [1m[36mEmail Load (0.1ms)[0m  [1m[34mSELECT  "emails".* FROM "emails" WHERE "emails"."id" = ? LIMIT ?[0m  [["id", 3], ["LIMIT", 1]]
  [1m[36mEmail Load (0.2ms)[0m  [1m[34mSELECT  "emails".* FROM "emails" WHERE "emails"."id" = ? LIMIT ?[0m  [["id", 3], ["LIMIT", 1]]
  [1m[36mCACHE Email Load (0.0ms)[0m  [1m[34mSELECT  "emails".* FROM "emails" WHERE "emails"."id" = ? LIMIT ?[0m  [["id", 3], ["LIMIT", 1]]
  [1m[36mCACHE Email Load (0.0ms)[0m  [1m[34mSELECT  "emails".* FROM "emails" WHERE "emails"."id" = ? LIMIT ?[0m  [["id", 3], ["LIMIT", 1]]
  Rendering emails/show.js.erb
  Rendered emails/_email.html.erb (0.9ms)
  Rendering emails/show.js.erb
  Rendered emails/show.js.erb (6.7ms)
  Rendered emails/_email.html.erb (0.4ms)
Completed 200 OK in 48ms (Views: 20.5ms | ActiveRecord: 0.1ms)


  Rendered emails/show.js.erb (1.7ms)
Completed 200 OK in 39ms (Views: 27.1ms | ActiveRecord: 0.3ms)


Started GET "/" for 127.0.0.1 at 2017-08-31 23:17:36 +0200
Processing by EmailsController#index as HTML
  Rendering emails/index.html.erb within layouts/application
  [1m[36mEmail Exists (0.3ms)[0m  [1m[34mSELECT  1 AS one FROM "emails" LIMIT ?[0m  [["LIMIT", 1]]
  [1m[36mEmail Load (0.4ms)[0m  [1m[34mSELECT "emails".* FROM "emails"[0m
  Rendered emails/_index.html.erb (16.1ms)
  Rendered emails/index.html.erb within layouts/application (24.4ms)
Completed 200 OK in 4624ms (Views: 4616.8ms | ActiveRecord: 0.7ms)


Started GET "/" for 127.0.0.1 at 2017-08-31 23:19:33 +0200
Processing by EmailsController#index as HTML
  Rendering emails/index.html.erb within layouts/application
  [1m[36mEmail Exists (0.3ms)[0m  [1m[34mSELECT  1 AS one FROM "emails" LIMIT ?[0m  [["LIMIT", 1]]
  [1m[36mEmail Load (0.4ms)[0m  [1m[34mSELECT "emails".* FROM "emails"[0m
  Rendered emails/_index.html.erb (24.9ms)
  Rendered emails/index.html.erb within layouts/application (33.0ms)
Completed 200 OK in 4213ms (Views: 4210.2ms | ActiveRecord: 0.7ms)


Started GET "/emails/5" for 127.0.0.1 at 2017-08-31 23:19:43 +0200
Processing by EmailsController#show as JS
  Parameters: {"id"=>"5"}
  [1m[36mEmail Load (0.1ms)[0m  [1m[34mSELECT  "emails".* FROM "emails" WHERE "emails"."id" = ? LIMIT ?[0m  [["id", 5], ["LIMIT", 1]]
  [1m[36mCACHE Email Load (0.0ms)[0m  [1m[34mSELECT  "emails".* FROM "emails" WHERE "emails"."id" = ? LIMIT ?[0m  [["id", 5], ["LIMIT", 1]]
  Rendering emails/show.js.erb
  Rendered emails/_email.html.erb (1.4ms)
  Rendered emails/show.js.erb (10.5ms)
Completed 200 OK in 32ms (Views: 26.4ms | ActiveRecord: 0.1ms)


Started GET "/emails/5" for 127.0.0.1 at 2017-08-31 23:19:43 +0200
Processing by EmailsController#show as JS
  Parameters: {"id"=>"5"}
  [1m[36mEmail Load (0.1ms)[0m  [1m[34mSELECT  "emails".* FROM "emails" WHERE "emails"."id" = ? LIMIT ?[0m  [["id", 5], ["LIMIT", 1]]
  [1m[36mCACHE Email Load (0.0ms)[0m  [1m[34mSELECT  "emails".* FROM "emails" WHERE "emails"."id" = ? LIMIT ?[0m  [["id", 5], ["LIMIT", 1]]
  Rendering emails/show.js.erb
  Rendered emails/_email.html.erb (2.7ms)
  Rendered emails/show.js.erb (17.4ms)
Completed 200 OK in 34ms (Views: 27.6ms | ActiveRecord: 0.1ms)


Started GET "/emails/7" for 127.0.0.1 at 2017-08-31 23:20:10 +0200
Processing by EmailsController#show as JS
  Parameters: {"id"=>"7"}
  [1m[36mEmail Load (0.3ms)[0m  [1m[34mSELECT  "emails".* FROM "emails" WHERE "emails"."id" = ? LIMIT ?[0m  [["id", 7], ["LIMIT", 1]]
Started GET "/emails/7" for 127.0.0.1 at 2017-08-31 23:20:10 +0200
  [1m[36mCACHE Email Load (0.0ms)[0m  [1m[34mSELECT  "emails".* FROM "emails" WHERE "emails"."id" = ? LIMIT ?[0m  [["id", 7], ["LIMIT", 1]]
Processing by EmailsController#show as JS
  Parameters: {"id"=>"7"}
  [1m[36mEmail Load (0.1ms)[0m  [1m[34mSELECT  "emails".* FROM "emails" WHERE "emails"."id" = ? LIMIT ?[0m  [["id", 7], ["LIMIT", 1]]
  [1m[36mCACHE Email Load (0.0ms)[0m  [1m[34mSELECT  "emails".* FROM "emails" WHERE "emails"."id" = ? LIMIT ?[0m  [["id", 7], ["LIMIT", 1]]
  Rendering emails/show.js.erb
  Rendered emails/_email.html.erb (1.2ms)
  Rendering emails/show.js.erb
  Rendered emails/show.js.erb (4.6ms)
  Rendered emails/_email.html.erb (0.5ms)
Completed 200 OK in 37ms (Views: 22.9ms | ActiveRecord: 0.1ms)


  Rendered emails/show.js.erb (4.4ms)
Completed 200 OK in 60ms (Views: 39.0ms | ActiveRecord: 0.3ms)


Started GET "/" for 127.0.0.1 at 2017-08-31 23:21:45 +0200
Processing by EmailsController#index as HTML
  Rendering emails/index.html.erb within layouts/application
  [1m[36mEmail Exists (0.3ms)[0m  [1m[34mSELECT  1 AS one FROM "emails" LIMIT ?[0m  [["LIMIT", 1]]
  [1m[36mEmail Load (0.6ms)[0m  [1m[34mSELECT "emails".* FROM "emails"[0m
  Rendered emails/_index.html.erb (24.3ms)
  Rendered emails/index.html.erb within layouts/application (29.8ms)
Completed 200 OK in 3816ms (Views: 3813.4ms | ActiveRecord: 0.9ms)


Started GET "/emails/1" for 127.0.0.1 at 2017-08-31 23:21:54 +0200
Processing by EmailsController#show as JS
  Parameters: {"id"=>"1"}
Started GET "/emails/1" for 127.0.0.1 at 2017-08-31 23:21:54 +0200
Processing by EmailsController#show as JS
  Parameters: {"id"=>"1"}
  [1m[36mEmail Load (0.1ms)[0m  [1m[34mSELECT  "emails".* FROM "emails" WHERE "emails"."id" = ? LIMIT ?[0m  [["id", 1], ["LIMIT", 1]]
  [1m[36mCACHE Email Load (0.0ms)[0m  [1m[34mSELECT  "emails".* FROM "emails" WHERE "emails"."id" = ? LIMIT ?[0m  [["id", 1], ["LIMIT", 1]]
  [1m[36mEmail Load (0.1ms)[0m  [1m[34mSELECT  "emails".* FROM "emails" WHERE "emails"."id" = ? LIMIT ?[0m  [["id", 1], ["LIMIT", 1]]
  [1m[36mCACHE Email Load (0.0ms)[0m  [1m[34mSELECT  "emails".* FROM "emails" WHERE "emails"."id" = ? LIMIT ?[0m  [["id", 1], ["LIMIT", 1]]
  Rendering emails/show.js.erb
  Rendered emails/_email.html.erb (0.9ms)
  Rendered emails/show.js.erb (10.4ms)
Completed 200 OK in 47ms (Views: 30.7ms | ActiveRecord: 0.1ms)


  Rendering emails/show.js.erb
  Rendered emails/_email.html.erb (0.4ms)
  Rendered emails/show.js.erb (1.4ms)
Completed 200 OK in 57ms (Views: 21.1ms | ActiveRecord: 0.1ms)


Started GET "/emails/3" for 127.0.0.1 at 2017-08-31 23:21:56 +0200
Processing by EmailsController#show as JS
  Parameters: {"id"=>"3"}
Started GET "/emails/3" for 127.0.0.1 at 2017-08-31 23:21:56 +0200
Processing by EmailsController#show as JS
  Parameters: {"id"=>"3"}
  [1m[36mEmail Load (0.1ms)[0m  [1m[34mSELECT  "emails".* FROM "emails" WHERE "emails"."id" = ? LIMIT ?[0m  [["id", 3], ["LIMIT", 1]]
  [1m[36mEmail Load (0.4ms)[0m  [1m[34mSELECT  "emails".* FROM "emails" WHERE "emails"."id" = ? LIMIT ?[0m  [["id", 3], ["LIMIT", 1]]
  [1m[36mCACHE Email Load (0.0ms)[0m  [1m[34mSELECT  "emails".* FROM "emails" WHERE "emails"."id" = ? LIMIT ?[0m  [["id", 3], ["LIMIT", 1]]
  [1m[36mCACHE Email Load (0.0ms)[0m  [1m[34mSELECT  "emails".* FROM "emails" WHERE "emails"."id" = ? LIMIT ?[0m  [["id", 3], ["LIMIT", 1]]
  Rendering emails/show.js.erb
  Rendered emails/_email.html.erb (0.8ms)
  Rendered emails/show.js.erb (6.2ms)
  Rendering emails/show.js.erb
Completed 200 OK in 43ms (Views: 26.5ms | ActiveRecord: 0.1ms)


  Rendered emails/_email.html.erb (0.2ms)
  Rendered emails/show.js.erb (4.0ms)
Completed 200 OK in 45ms (Views: 22.6ms | ActiveRecord: 0.4ms)


